<html>
<head>
<title>TestNG:  Test</title>
<link href="../testng.css" rel="stylesheet" type="text/css" />
<link href="../my-testng.css" rel="stylesheet" type="text/css" />

<style type="text/css">
.log { display: none;} 
.stack-trace { display: none;} 
</style>
<script type="text/javascript">
<!--
function flip(e) {
  current = e.style.display;
  if (current == 'block') {
    e.style.display = 'none';
    return 0;
  }
  else {
    e.style.display = 'block';
    return 1;
  }
}

function toggleBox(szDivId, elem, msg1, msg2)
{
  var res = -1;  if (document.getElementById) {
    res = flip(document.getElementById(szDivId));
  }
  else if (document.all) {
    // this is the way old msie versions work
    res = flip(document.all[szDivId]);
  }
  if(elem) {
    if(res == 0) elem.innerHTML = msg1; else elem.innerHTML = msg2;
  }

}

function toggleAllBoxes() {
  if (document.getElementsByTagName) {
    d = document.getElementsByTagName('div');
    for (i = 0; i < d.length; i++) {
      if (d[i].className == 'log') {
        flip(d[i]);
      }
    }
  }
}

// -->
</script>

</head>
<body>
<h2 align='center'>Test</h2><table border='1' align="center">
<tr>
<td>Tests passed/Failed/Skipped:</td><td>0/2/29</td>
</tr><tr>
<td>Started on:</td><td>Tue Sep 03 15:48:58 IST 2019</td>
</tr>
<tr><td>Total time:</td><td>100 seconds (100993 ms)</td>
</tr><tr>
<td>Included groups:</td><td></td>
</tr><tr>
<td>Excluded groups:</td><td></td>
</tr>
</table><p/>
<small><i>(Hover the method name to see the test class name)</i></small><p/>
<table width='100%' border='1' class='invocation-failed'>
<tr><td colspan='4' align='center'><b>FAILED CONFIGURATIONS</b></td></tr>
<tr><td><b>Test method</b></td>
<td width="30%"><b>Exception</b></td>
<td width="10%"><b>Time (seconds)</b></td>
<td><b>Instance</b></td>
</tr>
<tr>
<td title='com.enrich.testcases.SignUpPageTest.setUp()'><b>setUp</b><br>Test class: com.enrich.testcases.SignUpPageTest</td>
<td><div><pre>org.openqa.selenium.NoSuchElementException: An element could not be located on the page using the given search parameters.
For documentation on this error, please visit: https://www.seleniumhq.org/exceptions/no_such_element.html
Build info: version: &apos;3.141.59&apos;, revision: &apos;e82be7d358&apos;, time: &apos;2018-11-14T08:17:03&apos;
System info: host: &apos;IN-AMITKUMA-W1&apos;, ip: &apos;172.29.144.206&apos;, os.name: &apos;Windows 10&apos;, os.arch: &apos;amd64&apos;, os.version: &apos;10.0&apos;, java.version: &apos;1.8.0_221&apos;
Driver info: io.appium.java_client.android.AndroidDriver
Capabilities {appActivity: com.salesforce.chatter.Chatter, appPackage: com.salesforce.chatter, databaseEnabled: false, desired: {appActivity: com.salesforce.chatter.Chatter, appPackage: com.salesforce.chatter, deviceName: My Phone, noReset: true, platformName: android, platformVersion: 9.0, udid: 4d61917}, deviceManufacturer: Xiaomi, deviceModel: Mi A2, deviceName: 4d61917, deviceScreenSize: 1080x2160, deviceUDID: 4d61917, javascriptEnabled: true, locationContextEnabled: false, networkConnectionEnabled: true, noReset: true, platform: LINUX, platformName: Android, platformVersion: 9, takesScreenshot: true, udid: 4d61917, warnings: {}, webStorageEnabled: false}
Session ID: dea89d12-0f8e-4157-9ed5-cd5457e83582
*** Element info: {Using=-android uiautomator, value=new UiSelector().text(&quot;SIGNUP&quot;)}
	at org.openqa.selenium.remote.http.W3CHttpResponseCodec.createException(W3CHttpResponseCodec.java:187)
	at org.openqa.selenium.remote.http.W3CHttpResponseCodec.decode(W3CHttpResponseCodec.java:122)
	at org.openqa.selenium.remote.http.W3CHttpResponseCodec.decode(W3CHttpResponseCodec.java:49)
	at org.openqa.selenium.remote.HttpCommandExecutor.execute(HttpCommandExecutor.java:158)
	at io.appium.java_client.remote.AppiumCommandExecutor.execute(AppiumCommandExecutor.java:239)
	at org.openqa.selenium.remote.RemoteWebDriver.execute(RemoteWebDriver.java:552)
	at io.appium.java_client.DefaultGenericMobileDriver.execute(DefaultGenericMobileDriver.java:42)
	at io.appium.java_client.AppiumDriver.execute(AppiumDriver.java:1)
	at io.appium.java_client.android.AndroidDriver.execute(AndroidDriver.java:1)
	at org.openqa.selenium.remote.RemoteWebDriver.findElement(RemoteWebDriver.java:323)
	at io.appium.java_client.DefaultGenericMobileDriver.findElement(DefaultGenericMobileDriver.java:62)
	at io.appium.java_client.AppiumDriver.findElement(AppiumDriver.java:1)
	at io.appium.java_client.android.AndroidDriver.findElement(AndroidDriver.java:1)
	at io.appium.java_client.FindsByAndroidUIAutomator.findElementByAndroidUIAutomator(FindsByAndroidUIAutomator.java:38)
	at com.enrich.pages.HomePage.signUpButtonClick(HomePage.java:64)
	at com.enrich.testcases.SignUpPageTest.setUp(SignUpPageTest.java:35)
	at java.util.concurrent.FutureTask.run(Unknown Source)
	at java.util.concurrent.ThreadPoolExecutor.runWorker(Unknown Source)
	at java.util.concurrent.ThreadPoolExecutor$Worker.run(Unknown Source)
	at java.lang.Thread.run(Unknown Source)
... Removed 22 stack frames</pre></div><a href='#' onClick='toggleBox("stack-trace1464179535", this, "Click to show all stack frames", "Click to hide stack frames")'>Click to show all stack frames</a>
<div class='stack-trace' id='stack-trace1464179535'><pre>org.openqa.selenium.NoSuchElementException: An element could not be located on the page using the given search parameters.
For documentation on this error, please visit: https://www.seleniumhq.org/exceptions/no_such_element.html
Build info: version: &apos;3.141.59&apos;, revision: &apos;e82be7d358&apos;, time: &apos;2018-11-14T08:17:03&apos;
System info: host: &apos;IN-AMITKUMA-W1&apos;, ip: &apos;172.29.144.206&apos;, os.name: &apos;Windows 10&apos;, os.arch: &apos;amd64&apos;, os.version: &apos;10.0&apos;, java.version: &apos;1.8.0_221&apos;
Driver info: io.appium.java_client.android.AndroidDriver
Capabilities {appActivity: com.salesforce.chatter.Chatter, appPackage: com.salesforce.chatter, databaseEnabled: false, desired: {appActivity: com.salesforce.chatter.Chatter, appPackage: com.salesforce.chatter, deviceName: My Phone, noReset: true, platformName: android, platformVersion: 9.0, udid: 4d61917}, deviceManufacturer: Xiaomi, deviceModel: Mi A2, deviceName: 4d61917, deviceScreenSize: 1080x2160, deviceUDID: 4d61917, javascriptEnabled: true, locationContextEnabled: false, networkConnectionEnabled: true, noReset: true, platform: LINUX, platformName: Android, platformVersion: 9, takesScreenshot: true, udid: 4d61917, warnings: {}, webStorageEnabled: false}
Session ID: dea89d12-0f8e-4157-9ed5-cd5457e83582
*** Element info: {Using=-android uiautomator, value=new UiSelector().text(&quot;SIGNUP&quot;)}
	at sun.reflect.NativeConstructorAccessorImpl.newInstance0(Native Method)
	at sun.reflect.NativeConstructorAccessorImpl.newInstance(Unknown Source)
	at sun.reflect.DelegatingConstructorAccessorImpl.newInstance(Unknown Source)
	at java.lang.reflect.Constructor.newInstance(Unknown Source)
	at org.openqa.selenium.remote.http.W3CHttpResponseCodec.createException(W3CHttpResponseCodec.java:187)
	at org.openqa.selenium.remote.http.W3CHttpResponseCodec.decode(W3CHttpResponseCodec.java:122)
	at org.openqa.selenium.remote.http.W3CHttpResponseCodec.decode(W3CHttpResponseCodec.java:49)
	at org.openqa.selenium.remote.HttpCommandExecutor.execute(HttpCommandExecutor.java:158)
	at io.appium.java_client.remote.AppiumCommandExecutor.execute(AppiumCommandExecutor.java:239)
	at org.openqa.selenium.remote.RemoteWebDriver.execute(RemoteWebDriver.java:552)
	at io.appium.java_client.DefaultGenericMobileDriver.execute(DefaultGenericMobileDriver.java:42)
	at io.appium.java_client.AppiumDriver.execute(AppiumDriver.java:1)
	at io.appium.java_client.android.AndroidDriver.execute(AndroidDriver.java:1)
	at org.openqa.selenium.remote.RemoteWebDriver.findElement(RemoteWebDriver.java:323)
	at io.appium.java_client.DefaultGenericMobileDriver.findElement(DefaultGenericMobileDriver.java:62)
	at io.appium.java_client.AppiumDriver.findElement(AppiumDriver.java:1)
	at io.appium.java_client.android.AndroidDriver.findElement(AndroidDriver.java:1)
	at io.appium.java_client.FindsByAndroidUIAutomator.findElementByAndroidUIAutomator(FindsByAndroidUIAutomator.java:38)
	at com.enrich.pages.HomePage.signUpButtonClick(HomePage.java:64)
	at com.enrich.testcases.SignUpPageTest.setUp(SignUpPageTest.java:35)
	at sun.reflect.NativeMethodAccessorImpl.invoke0(Native Method)
	at sun.reflect.NativeMethodAccessorImpl.invoke(Unknown Source)
	at sun.reflect.DelegatingMethodAccessorImpl.invoke(Unknown Source)
	at java.lang.reflect.Method.invoke(Unknown Source)
	at org.testng.internal.MethodInvocationHelper.invokeMethod(MethodInvocationHelper.java:84)
	at org.testng.internal.Invoker.invokeConfigurationMethod(Invoker.java:564)
	at org.testng.internal.Invoker.invokeConfigurations(Invoker.java:213)
	at org.testng.internal.Invoker.invokeMethod(Invoker.java:653)
	at org.testng.internal.Invoker.invokeTestMethod(Invoker.java:901)
	at org.testng.internal.Invoker.invokeTestMethods(Invoker.java:1231)
	at org.testng.internal.TestMethodWorker.invokeTestMethods(TestMethodWorker.java:127)
	at org.testng.internal.TestMethodWorker.run(TestMethodWorker.java:111)
	at org.testng.TestRunner.privateRun(TestRunner.java:767)
	at org.testng.TestRunner.run(TestRunner.java:617)
	at org.testng.SuiteRunner.runTest(SuiteRunner.java:334)
	at org.testng.SuiteRunner.access$000(SuiteRunner.java:37)
	at org.testng.SuiteRunner$SuiteWorker.run(SuiteRunner.java:368)
	at org.testng.internal.thread.ThreadUtil$2.call(ThreadUtil.java:64)
	at java.util.concurrent.FutureTask.run(Unknown Source)
	at java.util.concurrent.ThreadPoolExecutor.runWorker(Unknown Source)
	at java.util.concurrent.ThreadPoolExecutor$Worker.run(Unknown Source)
	at java.lang.Thread.run(Unknown Source)
</pre></div></td>
<td>0</td>
<td>com.enrich.testcases.SignUpPageTest@4883b407</td></tr>
<tr>
<td title='com.enrich.testcases.HomePageTest.tearDown()'><b>tearDown</b><br>Test class: com.enrich.testcases.HomePageTest</td>
<td><div><pre>org.openqa.selenium.WebDriverException: An unknown server-side error occurred while processing the command. Original error: Could not find a connected Android device.
Build info: version: &apos;3.141.59&apos;, revision: &apos;e82be7d358&apos;, time: &apos;2018-11-14T08:17:03&apos;
System info: host: &apos;IN-AMITKUMA-W1&apos;, ip: &apos;172.29.144.206&apos;, os.name: &apos;Windows 10&apos;, os.arch: &apos;amd64&apos;, os.version: &apos;10.0&apos;, java.version: &apos;1.8.0_221&apos;
Driver info: io.appium.java_client.android.AndroidDriver
Capabilities {appActivity: com.salesforce.chatter.Chatter, appPackage: com.salesforce.chatter, databaseEnabled: false, desired: {appActivity: com.salesforce.chatter.Chatter, appPackage: com.salesforce.chatter, deviceName: My Phone, noReset: true, platformName: android, platformVersion: 9.0, udid: 4d61917}, deviceManufacturer: Xiaomi, deviceModel: Mi A2, deviceName: 4d61917, deviceScreenSize: 1080x2160, deviceUDID: 4d61917, javascriptEnabled: true, locationContextEnabled: false, networkConnectionEnabled: true, noReset: true, platform: LINUX, platformName: Android, platformVersion: 9, takesScreenshot: true, udid: 4d61917, warnings: {}, webStorageEnabled: false}
Session ID: acec0c7d-4a55-489f-b97f-65b68ecae2b2
	at org.openqa.selenium.remote.http.W3CHttpResponseCodec.createException(W3CHttpResponseCodec.java:187)
	at org.openqa.selenium.remote.http.W3CHttpResponseCodec.decode(W3CHttpResponseCodec.java:122)
	at org.openqa.selenium.remote.http.W3CHttpResponseCodec.decode(W3CHttpResponseCodec.java:49)
	at org.openqa.selenium.remote.HttpCommandExecutor.execute(HttpCommandExecutor.java:158)
	at io.appium.java_client.remote.AppiumCommandExecutor.execute(AppiumCommandExecutor.java:239)
	at org.openqa.selenium.remote.RemoteWebDriver.execute(RemoteWebDriver.java:552)
	at io.appium.java_client.DefaultGenericMobileDriver.execute(DefaultGenericMobileDriver.java:46)
	at io.appium.java_client.AppiumDriver.execute(AppiumDriver.java:1)
	at io.appium.java_client.android.AndroidDriver.execute(AndroidDriver.java:1)
	at org.openqa.selenium.remote.RemoteWebDriver.quit(RemoteWebDriver.java:452)
	at com.enrich.testcases.HomePageTest.tearDown(HomePageTest.java:111)
	at java.util.concurrent.FutureTask.run(Unknown Source)
	at java.util.concurrent.ThreadPoolExecutor.runWorker(Unknown Source)
	at java.util.concurrent.ThreadPoolExecutor$Worker.run(Unknown Source)
	at java.lang.Thread.run(Unknown Source)
... Removed 22 stack frames</pre></div><a href='#' onClick='toggleBox("stack-trace1305877604", this, "Click to show all stack frames", "Click to hide stack frames")'>Click to show all stack frames</a>
<div class='stack-trace' id='stack-trace1305877604'><pre>org.openqa.selenium.WebDriverException: An unknown server-side error occurred while processing the command. Original error: Could not find a connected Android device.
Build info: version: &apos;3.141.59&apos;, revision: &apos;e82be7d358&apos;, time: &apos;2018-11-14T08:17:03&apos;
System info: host: &apos;IN-AMITKUMA-W1&apos;, ip: &apos;172.29.144.206&apos;, os.name: &apos;Windows 10&apos;, os.arch: &apos;amd64&apos;, os.version: &apos;10.0&apos;, java.version: &apos;1.8.0_221&apos;
Driver info: io.appium.java_client.android.AndroidDriver
Capabilities {appActivity: com.salesforce.chatter.Chatter, appPackage: com.salesforce.chatter, databaseEnabled: false, desired: {appActivity: com.salesforce.chatter.Chatter, appPackage: com.salesforce.chatter, deviceName: My Phone, noReset: true, platformName: android, platformVersion: 9.0, udid: 4d61917}, deviceManufacturer: Xiaomi, deviceModel: Mi A2, deviceName: 4d61917, deviceScreenSize: 1080x2160, deviceUDID: 4d61917, javascriptEnabled: true, locationContextEnabled: false, networkConnectionEnabled: true, noReset: true, platform: LINUX, platformName: Android, platformVersion: 9, takesScreenshot: true, udid: 4d61917, warnings: {}, webStorageEnabled: false}
Session ID: acec0c7d-4a55-489f-b97f-65b68ecae2b2
	at sun.reflect.NativeConstructorAccessorImpl.newInstance0(Native Method)
	at sun.reflect.NativeConstructorAccessorImpl.newInstance(Unknown Source)
	at sun.reflect.DelegatingConstructorAccessorImpl.newInstance(Unknown Source)
	at java.lang.reflect.Constructor.newInstance(Unknown Source)
	at org.openqa.selenium.remote.http.W3CHttpResponseCodec.createException(W3CHttpResponseCodec.java:187)
	at org.openqa.selenium.remote.http.W3CHttpResponseCodec.decode(W3CHttpResponseCodec.java:122)
	at org.openqa.selenium.remote.http.W3CHttpResponseCodec.decode(W3CHttpResponseCodec.java:49)
	at org.openqa.selenium.remote.HttpCommandExecutor.execute(HttpCommandExecutor.java:158)
	at io.appium.java_client.remote.AppiumCommandExecutor.execute(AppiumCommandExecutor.java:239)
	at org.openqa.selenium.remote.RemoteWebDriver.execute(RemoteWebDriver.java:552)
	at io.appium.java_client.DefaultGenericMobileDriver.execute(DefaultGenericMobileDriver.java:46)
	at io.appium.java_client.AppiumDriver.execute(AppiumDriver.java:1)
	at io.appium.java_client.android.AndroidDriver.execute(AndroidDriver.java:1)
	at org.openqa.selenium.remote.RemoteWebDriver.quit(RemoteWebDriver.java:452)
	at com.enrich.testcases.HomePageTest.tearDown(HomePageTest.java:111)
	at sun.reflect.NativeMethodAccessorImpl.invoke0(Native Method)
	at sun.reflect.NativeMethodAccessorImpl.invoke(Unknown Source)
	at sun.reflect.DelegatingMethodAccessorImpl.invoke(Unknown Source)
	at java.lang.reflect.Method.invoke(Unknown Source)
	at org.testng.internal.MethodInvocationHelper.invokeMethod(MethodInvocationHelper.java:84)
	at org.testng.internal.Invoker.invokeConfigurationMethod(Invoker.java:564)
	at org.testng.internal.Invoker.invokeConfigurations(Invoker.java:213)
	at org.testng.internal.Invoker.invokeMethod(Invoker.java:786)
	at org.testng.internal.Invoker.invokeTestMethod(Invoker.java:901)
	at org.testng.internal.Invoker.invokeTestMethods(Invoker.java:1231)
	at org.testng.internal.TestMethodWorker.invokeTestMethods(TestMethodWorker.java:127)
	at org.testng.internal.TestMethodWorker.run(TestMethodWorker.java:111)
	at org.testng.TestRunner.privateRun(TestRunner.java:767)
	at org.testng.TestRunner.run(TestRunner.java:617)
	at org.testng.SuiteRunner.runTest(SuiteRunner.java:334)
	at org.testng.SuiteRunner.access$000(SuiteRunner.java:37)
	at org.testng.SuiteRunner$SuiteWorker.run(SuiteRunner.java:368)
	at org.testng.internal.thread.ThreadUtil$2.call(ThreadUtil.java:64)
	at java.util.concurrent.FutureTask.run(Unknown Source)
	at java.util.concurrent.ThreadPoolExecutor.runWorker(Unknown Source)
	at java.util.concurrent.ThreadPoolExecutor$Worker.run(Unknown Source)
	at java.lang.Thread.run(Unknown Source)
</pre></div></td>
<td>0</td>
<td>com.enrich.testcases.HomePageTest@754ba872</td></tr>
</table><p>
<table width='100%' border='1' class='invocation-skipped'>
<tr><td colspan='4' align='center'><b>SKIPPED CONFIGURATIONS</b></td></tr>
<tr><td><b>Test method</b></td>
<td width="30%"><b>Exception</b></td>
<td width="10%"><b>Time (seconds)</b></td>
<td><b>Instance</b></td>
</tr>
<tr>
<td title='com.enrich.testcases.SignUpPageTest.setUp()'><b>setUp</b><br>Test class: com.enrich.testcases.SignUpPageTest</td>
<td></td>
<td>0</td>
<td>com.enrich.testcases.SignUpPageTest@4883b407</td></tr>
<tr>
<td title='com.enrich.testcases.HomePageTest.setUp()'><b>setUp</b><br>Test class: com.enrich.testcases.HomePageTest</td>
<td></td>
<td>0</td>
<td>com.enrich.testcases.HomePageTest@754ba872</td></tr>
<tr>
<td title='com.enrich.testcases.SignUpPageTest.setUp()'><b>setUp</b><br>Test class: com.enrich.testcases.SignUpPageTest</td>
<td></td>
<td>0</td>
<td>com.enrich.testcases.SignUpPageTest@4883b407</td></tr>
<tr>
<td title='com.enrich.testcases.HomePageTest.setUp()'><b>setUp</b><br>Test class: com.enrich.testcases.HomePageTest</td>
<td></td>
<td>0</td>
<td>com.enrich.testcases.HomePageTest@754ba872</td></tr>
<tr>
<td title='com.enrich.testcases.SignUpPageTest.setUp()'><b>setUp</b><br>Test class: com.enrich.testcases.SignUpPageTest</td>
<td></td>
<td>0</td>
<td>com.enrich.testcases.SignUpPageTest@4883b407</td></tr>
<tr>
<td title='com.enrich.testcases.HomePageTest.setUp()'><b>setUp</b><br>Test class: com.enrich.testcases.HomePageTest</td>
<td></td>
<td>0</td>
<td>com.enrich.testcases.HomePageTest@754ba872</td></tr>
<tr>
<td title='com.enrich.testcases.SignUpPageTest.setUp()'><b>setUp</b><br>Test class: com.enrich.testcases.SignUpPageTest</td>
<td></td>
<td>0</td>
<td>com.enrich.testcases.SignUpPageTest@4883b407</td></tr>
<tr>
<td title='com.enrich.testcases.HomePageTest.setUp()'><b>setUp</b><br>Test class: com.enrich.testcases.HomePageTest</td>
<td></td>
<td>0</td>
<td>com.enrich.testcases.HomePageTest@754ba872</td></tr>
<tr>
<td title='com.enrich.testcases.SignUpPageTest.setUp()'><b>setUp</b><br>Test class: com.enrich.testcases.SignUpPageTest</td>
<td></td>
<td>0</td>
<td>com.enrich.testcases.SignUpPageTest@4883b407</td></tr>
<tr>
<td title='com.enrich.testcases.HomePageTest.setUp()'><b>setUp</b><br>Test class: com.enrich.testcases.HomePageTest</td>
<td></td>
<td>0</td>
<td>com.enrich.testcases.HomePageTest@754ba872</td></tr>
<tr>
<td title='com.enrich.testcases.SignUpPageTest.setUp()'><b>setUp</b><br>Test class: com.enrich.testcases.SignUpPageTest</td>
<td></td>
<td>0</td>
<td>com.enrich.testcases.SignUpPageTest@4883b407</td></tr>
<tr>
<td title='com.enrich.testcases.HomePageTest.setUp()'><b>setUp</b><br>Test class: com.enrich.testcases.HomePageTest</td>
<td></td>
<td>0</td>
<td>com.enrich.testcases.HomePageTest@754ba872</td></tr>
<tr>
<td title='com.enrich.testcases.SignUpPageTest.setUp()'><b>setUp</b><br>Test class: com.enrich.testcases.SignUpPageTest</td>
<td></td>
<td>0</td>
<td>com.enrich.testcases.SignUpPageTest@4883b407</td></tr>
<tr>
<td title='com.enrich.testcases.HomePageTest.setUp()'><b>setUp</b><br>Test class: com.enrich.testcases.HomePageTest</td>
<td></td>
<td>0</td>
<td>com.enrich.testcases.HomePageTest@754ba872</td></tr>
<tr>
<td title='com.enrich.testcases.SignUpPageTest.setUp()'><b>setUp</b><br>Test class: com.enrich.testcases.SignUpPageTest</td>
<td></td>
<td>0</td>
<td>com.enrich.testcases.SignUpPageTest@4883b407</td></tr>
<tr>
<td title='com.enrich.testcases.SignUpPageTest.setUp()'><b>setUp</b><br>Test class: com.enrich.testcases.SignUpPageTest</td>
<td></td>
<td>0</td>
<td>com.enrich.testcases.SignUpPageTest@4883b407</td></tr>
<tr>
<td title='com.enrich.testcases.SignUpPageTest.setUp()'><b>setUp</b><br>Test class: com.enrich.testcases.SignUpPageTest</td>
<td></td>
<td>0</td>
<td>com.enrich.testcases.SignUpPageTest@4883b407</td></tr>
<tr>
<td title='com.enrich.testcases.SignUpPageTest.setUp()'><b>setUp</b><br>Test class: com.enrich.testcases.SignUpPageTest</td>
<td></td>
<td>0</td>
<td>com.enrich.testcases.SignUpPageTest@4883b407</td></tr>
<tr>
<td title='com.enrich.testcases.SignUpPageTest.setUp()'><b>setUp</b><br>Test class: com.enrich.testcases.SignUpPageTest</td>
<td></td>
<td>0</td>
<td>com.enrich.testcases.SignUpPageTest@4883b407</td></tr>
<tr>
<td title='com.enrich.testcases.SignUpPageTest.setUp()'><b>setUp</b><br>Test class: com.enrich.testcases.SignUpPageTest</td>
<td></td>
<td>0</td>
<td>com.enrich.testcases.SignUpPageTest@4883b407</td></tr>
<tr>
<td title='com.enrich.testcases.SignUpPageTest.setUp()'><b>setUp</b><br>Test class: com.enrich.testcases.SignUpPageTest</td>
<td></td>
<td>0</td>
<td>com.enrich.testcases.SignUpPageTest@4883b407</td></tr>
<tr>
<td title='com.enrich.testcases.SignUpPageTest.setUp()'><b>setUp</b><br>Test class: com.enrich.testcases.SignUpPageTest</td>
<td></td>
<td>0</td>
<td>com.enrich.testcases.SignUpPageTest@4883b407</td></tr>
<tr>
<td title='com.enrich.testcases.SignUpPageTest.setUp()'><b>setUp</b><br>Test class: com.enrich.testcases.SignUpPageTest</td>
<td></td>
<td>0</td>
<td>com.enrich.testcases.SignUpPageTest@4883b407</td></tr>
<tr>
<td title='com.enrich.testcases.SignUpPageTest.setUp()'><b>setUp</b><br>Test class: com.enrich.testcases.SignUpPageTest</td>
<td></td>
<td>0</td>
<td>com.enrich.testcases.SignUpPageTest@4883b407</td></tr>
<tr>
<td title='com.enrich.testcases.SignUpPageTest.setUp()'><b>setUp</b><br>Test class: com.enrich.testcases.SignUpPageTest</td>
<td></td>
<td>0</td>
<td>com.enrich.testcases.SignUpPageTest@4883b407</td></tr>
<tr>
<td title='com.enrich.testcases.SignUpPageTest.setUp()'><b>setUp</b><br>Test class: com.enrich.testcases.SignUpPageTest</td>
<td></td>
<td>0</td>
<td>com.enrich.testcases.SignUpPageTest@4883b407</td></tr>
<tr>
<td title='com.enrich.testcases.SignUpPageTest.setUp()'><b>setUp</b><br>Test class: com.enrich.testcases.SignUpPageTest</td>
<td></td>
<td>0</td>
<td>com.enrich.testcases.SignUpPageTest@4883b407</td></tr>
<tr>
<td title='com.enrich.testcases.SignUpPageTest.setUp()'><b>setUp</b><br>Test class: com.enrich.testcases.SignUpPageTest</td>
<td></td>
<td>0</td>
<td>com.enrich.testcases.SignUpPageTest@4883b407</td></tr>
<tr>
<td title='com.enrich.testcases.SignUpPageTest.tearDown()'><b>tearDown</b><br>Test class: com.enrich.testcases.SignUpPageTest</td>
<td></td>
<td>0</td>
<td>com.enrich.testcases.SignUpPageTest@4883b407</td></tr>
<tr>
<td title='com.enrich.testcases.SignUpPageTest.tearDown()'><b>tearDown</b><br>Test class: com.enrich.testcases.SignUpPageTest</td>
<td></td>
<td>0</td>
<td>com.enrich.testcases.SignUpPageTest@4883b407</td></tr>
<tr>
<td title='com.enrich.testcases.HomePageTest.tearDown()'><b>tearDown</b><br>Test class: com.enrich.testcases.HomePageTest</td>
<td></td>
<td>0</td>
<td>com.enrich.testcases.HomePageTest@754ba872</td></tr>
<tr>
<td title='com.enrich.testcases.SignUpPageTest.tearDown()'><b>tearDown</b><br>Test class: com.enrich.testcases.SignUpPageTest</td>
<td></td>
<td>0</td>
<td>com.enrich.testcases.SignUpPageTest@4883b407</td></tr>
<tr>
<td title='com.enrich.testcases.HomePageTest.tearDown()'><b>tearDown</b><br>Test class: com.enrich.testcases.HomePageTest</td>
<td></td>
<td>0</td>
<td>com.enrich.testcases.HomePageTest@754ba872</td></tr>
<tr>
<td title='com.enrich.testcases.SignUpPageTest.tearDown()'><b>tearDown</b><br>Test class: com.enrich.testcases.SignUpPageTest</td>
<td></td>
<td>0</td>
<td>com.enrich.testcases.SignUpPageTest@4883b407</td></tr>
<tr>
<td title='com.enrich.testcases.HomePageTest.tearDown()'><b>tearDown</b><br>Test class: com.enrich.testcases.HomePageTest</td>
<td></td>
<td>0</td>
<td>com.enrich.testcases.HomePageTest@754ba872</td></tr>
<tr>
<td title='com.enrich.testcases.SignUpPageTest.tearDown()'><b>tearDown</b><br>Test class: com.enrich.testcases.SignUpPageTest</td>
<td></td>
<td>0</td>
<td>com.enrich.testcases.SignUpPageTest@4883b407</td></tr>
<tr>
<td title='com.enrich.testcases.HomePageTest.tearDown()'><b>tearDown</b><br>Test class: com.enrich.testcases.HomePageTest</td>
<td></td>
<td>0</td>
<td>com.enrich.testcases.HomePageTest@754ba872</td></tr>
<tr>
<td title='com.enrich.testcases.SignUpPageTest.tearDown()'><b>tearDown</b><br>Test class: com.enrich.testcases.SignUpPageTest</td>
<td></td>
<td>0</td>
<td>com.enrich.testcases.SignUpPageTest@4883b407</td></tr>
<tr>
<td title='com.enrich.testcases.HomePageTest.tearDown()'><b>tearDown</b><br>Test class: com.enrich.testcases.HomePageTest</td>
<td></td>
<td>0</td>
<td>com.enrich.testcases.HomePageTest@754ba872</td></tr>
<tr>
<td title='com.enrich.testcases.SignUpPageTest.tearDown()'><b>tearDown</b><br>Test class: com.enrich.testcases.SignUpPageTest</td>
<td></td>
<td>0</td>
<td>com.enrich.testcases.SignUpPageTest@4883b407</td></tr>
<tr>
<td title='com.enrich.testcases.HomePageTest.tearDown()'><b>tearDown</b><br>Test class: com.enrich.testcases.HomePageTest</td>
<td></td>
<td>0</td>
<td>com.enrich.testcases.HomePageTest@754ba872</td></tr>
<tr>
<td title='com.enrich.testcases.SignUpPageTest.tearDown()'><b>tearDown</b><br>Test class: com.enrich.testcases.SignUpPageTest</td>
<td></td>
<td>0</td>
<td>com.enrich.testcases.SignUpPageTest@4883b407</td></tr>
<tr>
<td title='com.enrich.testcases.HomePageTest.tearDown()'><b>tearDown</b><br>Test class: com.enrich.testcases.HomePageTest</td>
<td></td>
<td>0</td>
<td>com.enrich.testcases.HomePageTest@754ba872</td></tr>
<tr>
<td title='com.enrich.testcases.SignUpPageTest.tearDown()'><b>tearDown</b><br>Test class: com.enrich.testcases.SignUpPageTest</td>
<td></td>
<td>0</td>
<td>com.enrich.testcases.SignUpPageTest@4883b407</td></tr>
<tr>
<td title='com.enrich.testcases.SignUpPageTest.tearDown()'><b>tearDown</b><br>Test class: com.enrich.testcases.SignUpPageTest</td>
<td></td>
<td>0</td>
<td>com.enrich.testcases.SignUpPageTest@4883b407</td></tr>
<tr>
<td title='com.enrich.testcases.SignUpPageTest.tearDown()'><b>tearDown</b><br>Test class: com.enrich.testcases.SignUpPageTest</td>
<td></td>
<td>0</td>
<td>com.enrich.testcases.SignUpPageTest@4883b407</td></tr>
<tr>
<td title='com.enrich.testcases.SignUpPageTest.tearDown()'><b>tearDown</b><br>Test class: com.enrich.testcases.SignUpPageTest</td>
<td></td>
<td>0</td>
<td>com.enrich.testcases.SignUpPageTest@4883b407</td></tr>
<tr>
<td title='com.enrich.testcases.SignUpPageTest.tearDown()'><b>tearDown</b><br>Test class: com.enrich.testcases.SignUpPageTest</td>
<td></td>
<td>0</td>
<td>com.enrich.testcases.SignUpPageTest@4883b407</td></tr>
<tr>
<td title='com.enrich.testcases.SignUpPageTest.tearDown()'><b>tearDown</b><br>Test class: com.enrich.testcases.SignUpPageTest</td>
<td></td>
<td>0</td>
<td>com.enrich.testcases.SignUpPageTest@4883b407</td></tr>
<tr>
<td title='com.enrich.testcases.SignUpPageTest.tearDown()'><b>tearDown</b><br>Test class: com.enrich.testcases.SignUpPageTest</td>
<td></td>
<td>0</td>
<td>com.enrich.testcases.SignUpPageTest@4883b407</td></tr>
<tr>
<td title='com.enrich.testcases.SignUpPageTest.tearDown()'><b>tearDown</b><br>Test class: com.enrich.testcases.SignUpPageTest</td>
<td></td>
<td>0</td>
<td>com.enrich.testcases.SignUpPageTest@4883b407</td></tr>
<tr>
<td title='com.enrich.testcases.SignUpPageTest.tearDown()'><b>tearDown</b><br>Test class: com.enrich.testcases.SignUpPageTest</td>
<td></td>
<td>0</td>
<td>com.enrich.testcases.SignUpPageTest@4883b407</td></tr>
<tr>
<td title='com.enrich.testcases.SignUpPageTest.tearDown()'><b>tearDown</b><br>Test class: com.enrich.testcases.SignUpPageTest</td>
<td></td>
<td>0</td>
<td>com.enrich.testcases.SignUpPageTest@4883b407</td></tr>
<tr>
<td title='com.enrich.testcases.SignUpPageTest.tearDown()'><b>tearDown</b><br>Test class: com.enrich.testcases.SignUpPageTest</td>
<td></td>
<td>0</td>
<td>com.enrich.testcases.SignUpPageTest@4883b407</td></tr>
<tr>
<td title='com.enrich.testcases.SignUpPageTest.tearDown()'><b>tearDown</b><br>Test class: com.enrich.testcases.SignUpPageTest</td>
<td></td>
<td>0</td>
<td>com.enrich.testcases.SignUpPageTest@4883b407</td></tr>
<tr>
<td title='com.enrich.testcases.SignUpPageTest.tearDown()'><b>tearDown</b><br>Test class: com.enrich.testcases.SignUpPageTest</td>
<td></td>
<td>0</td>
<td>com.enrich.testcases.SignUpPageTest@4883b407</td></tr>
<tr>
<td title='com.enrich.testcases.SignUpPageTest.tearDown()'><b>tearDown</b><br>Test class: com.enrich.testcases.SignUpPageTest</td>
<td></td>
<td>0</td>
<td>com.enrich.testcases.SignUpPageTest@4883b407</td></tr>
</table><p>
<table width='100%' border='1' class='invocation-failed'>
<tr><td colspan='4' align='center'><b>FAILED TESTS</b></td></tr>
<tr><td><b>Test method</b></td>
<td width="30%"><b>Exception</b></td>
<td width="10%"><b>Time (seconds)</b></td>
<td><b>Instance</b></td>
</tr>
<tr>
<td title='com.enrich.testcases.HomePageTest.checkSearchSalonButtonText()'><b>checkSearchSalonButtonText</b><br>Test class: com.enrich.testcases.HomePageTest</td>
<td><div><pre>org.openqa.selenium.NoSuchElementException: An element could not be located on the page using the given search parameters.
For documentation on this error, please visit: https://www.seleniumhq.org/exceptions/no_such_element.html
Build info: version: &apos;3.141.59&apos;, revision: &apos;e82be7d358&apos;, time: &apos;2018-11-14T08:17:03&apos;
System info: host: &apos;IN-AMITKUMA-W1&apos;, ip: &apos;172.29.144.206&apos;, os.name: &apos;Windows 10&apos;, os.arch: &apos;amd64&apos;, os.version: &apos;10.0&apos;, java.version: &apos;1.8.0_221&apos;
Driver info: io.appium.java_client.android.AndroidDriver
Capabilities {appActivity: com.salesforce.chatter.Chatter, appPackage: com.salesforce.chatter, databaseEnabled: false, desired: {appActivity: com.salesforce.chatter.Chatter, appPackage: com.salesforce.chatter, deviceName: My Phone, noReset: true, platformName: android, platformVersion: 9.0, udid: 4d61917}, deviceManufacturer: Xiaomi, deviceModel: Mi A2, deviceName: 4d61917, deviceScreenSize: 1080x2160, deviceUDID: 4d61917, javascriptEnabled: true, locationContextEnabled: false, networkConnectionEnabled: true, noReset: true, platform: LINUX, platformName: Android, platformVersion: 9, takesScreenshot: true, udid: 4d61917, warnings: {}, webStorageEnabled: false}
Session ID: acec0c7d-4a55-489f-b97f-65b68ecae2b2
*** Element info: {Using=-android uiautomator, value=new UiSelector().text(&quot;SEARCH SALON&quot;)}
	at org.openqa.selenium.remote.http.W3CHttpResponseCodec.createException(W3CHttpResponseCodec.java:187)
	at org.openqa.selenium.remote.http.W3CHttpResponseCodec.decode(W3CHttpResponseCodec.java:122)
	at org.openqa.selenium.remote.http.W3CHttpResponseCodec.decode(W3CHttpResponseCodec.java:49)
	at org.openqa.selenium.remote.HttpCommandExecutor.execute(HttpCommandExecutor.java:158)
	at io.appium.java_client.remote.AppiumCommandExecutor.execute(AppiumCommandExecutor.java:239)
	at org.openqa.selenium.remote.RemoteWebDriver.execute(RemoteWebDriver.java:552)
	at io.appium.java_client.DefaultGenericMobileDriver.execute(DefaultGenericMobileDriver.java:42)
	at io.appium.java_client.AppiumDriver.execute(AppiumDriver.java:1)
	at io.appium.java_client.android.AndroidDriver.execute(AndroidDriver.java:1)
	at org.openqa.selenium.remote.RemoteWebDriver.findElement(RemoteWebDriver.java:323)
	at io.appium.java_client.DefaultGenericMobileDriver.findElement(DefaultGenericMobileDriver.java:62)
	at io.appium.java_client.AppiumDriver.findElement(AppiumDriver.java:1)
	at io.appium.java_client.android.AndroidDriver.findElement(AndroidDriver.java:1)
	at io.appium.java_client.FindsByAndroidUIAutomator.findElementByAndroidUIAutomator(FindsByAndroidUIAutomator.java:38)
	at com.enrich.pages.HomePage.searchSalonButtonText(HomePage.java:42)
	at com.enrich.testcases.HomePageTest.checkSearchSalonButtonText(HomePageTest.java:48)
	at java.util.concurrent.FutureTask.run(Unknown Source)
	at java.util.concurrent.ThreadPoolExecutor.runWorker(Unknown Source)
	at java.util.concurrent.ThreadPoolExecutor$Worker.run(Unknown Source)
	at java.lang.Thread.run(Unknown Source)
... Removed 20 stack frames</pre></div><a href='#' onClick='toggleBox("stack-trace6580249", this, "Click to show all stack frames", "Click to hide stack frames")'>Click to show all stack frames</a>
<div class='stack-trace' id='stack-trace6580249'><pre>org.openqa.selenium.NoSuchElementException: An element could not be located on the page using the given search parameters.
For documentation on this error, please visit: https://www.seleniumhq.org/exceptions/no_such_element.html
Build info: version: &apos;3.141.59&apos;, revision: &apos;e82be7d358&apos;, time: &apos;2018-11-14T08:17:03&apos;
System info: host: &apos;IN-AMITKUMA-W1&apos;, ip: &apos;172.29.144.206&apos;, os.name: &apos;Windows 10&apos;, os.arch: &apos;amd64&apos;, os.version: &apos;10.0&apos;, java.version: &apos;1.8.0_221&apos;
Driver info: io.appium.java_client.android.AndroidDriver
Capabilities {appActivity: com.salesforce.chatter.Chatter, appPackage: com.salesforce.chatter, databaseEnabled: false, desired: {appActivity: com.salesforce.chatter.Chatter, appPackage: com.salesforce.chatter, deviceName: My Phone, noReset: true, platformName: android, platformVersion: 9.0, udid: 4d61917}, deviceManufacturer: Xiaomi, deviceModel: Mi A2, deviceName: 4d61917, deviceScreenSize: 1080x2160, deviceUDID: 4d61917, javascriptEnabled: true, locationContextEnabled: false, networkConnectionEnabled: true, noReset: true, platform: LINUX, platformName: Android, platformVersion: 9, takesScreenshot: true, udid: 4d61917, warnings: {}, webStorageEnabled: false}
Session ID: acec0c7d-4a55-489f-b97f-65b68ecae2b2
*** Element info: {Using=-android uiautomator, value=new UiSelector().text(&quot;SEARCH SALON&quot;)}
	at sun.reflect.NativeConstructorAccessorImpl.newInstance0(Native Method)
	at sun.reflect.NativeConstructorAccessorImpl.newInstance(Unknown Source)
	at sun.reflect.DelegatingConstructorAccessorImpl.newInstance(Unknown Source)
	at java.lang.reflect.Constructor.newInstance(Unknown Source)
	at org.openqa.selenium.remote.http.W3CHttpResponseCodec.createException(W3CHttpResponseCodec.java:187)
	at org.openqa.selenium.remote.http.W3CHttpResponseCodec.decode(W3CHttpResponseCodec.java:122)
	at org.openqa.selenium.remote.http.W3CHttpResponseCodec.decode(W3CHttpResponseCodec.java:49)
	at org.openqa.selenium.remote.HttpCommandExecutor.execute(HttpCommandExecutor.java:158)
	at io.appium.java_client.remote.AppiumCommandExecutor.execute(AppiumCommandExecutor.java:239)
	at org.openqa.selenium.remote.RemoteWebDriver.execute(RemoteWebDriver.java:552)
	at io.appium.java_client.DefaultGenericMobileDriver.execute(DefaultGenericMobileDriver.java:42)
	at io.appium.java_client.AppiumDriver.execute(AppiumDriver.java:1)
	at io.appium.java_client.android.AndroidDriver.execute(AndroidDriver.java:1)
	at org.openqa.selenium.remote.RemoteWebDriver.findElement(RemoteWebDriver.java:323)
	at io.appium.java_client.DefaultGenericMobileDriver.findElement(DefaultGenericMobileDriver.java:62)
	at io.appium.java_client.AppiumDriver.findElement(AppiumDriver.java:1)
	at io.appium.java_client.android.AndroidDriver.findElement(AndroidDriver.java:1)
	at io.appium.java_client.FindsByAndroidUIAutomator.findElementByAndroidUIAutomator(FindsByAndroidUIAutomator.java:38)
	at com.enrich.pages.HomePage.searchSalonButtonText(HomePage.java:42)
	at com.enrich.testcases.HomePageTest.checkSearchSalonButtonText(HomePageTest.java:48)
	at sun.reflect.NativeMethodAccessorImpl.invoke0(Native Method)
	at sun.reflect.NativeMethodAccessorImpl.invoke(Unknown Source)
	at sun.reflect.DelegatingMethodAccessorImpl.invoke(Unknown Source)
	at java.lang.reflect.Method.invoke(Unknown Source)
	at org.testng.internal.MethodInvocationHelper.invokeMethod(MethodInvocationHelper.java:84)
	at org.testng.internal.Invoker.invokeMethod(Invoker.java:714)
	at org.testng.internal.Invoker.invokeTestMethod(Invoker.java:901)
	at org.testng.internal.Invoker.invokeTestMethods(Invoker.java:1231)
	at org.testng.internal.TestMethodWorker.invokeTestMethods(TestMethodWorker.java:127)
	at org.testng.internal.TestMethodWorker.run(TestMethodWorker.java:111)
	at org.testng.TestRunner.privateRun(TestRunner.java:767)
	at org.testng.TestRunner.run(TestRunner.java:617)
	at org.testng.SuiteRunner.runTest(SuiteRunner.java:334)
	at org.testng.SuiteRunner.access$000(SuiteRunner.java:37)
	at org.testng.SuiteRunner$SuiteWorker.run(SuiteRunner.java:368)
	at org.testng.internal.thread.ThreadUtil$2.call(ThreadUtil.java:64)
	at java.util.concurrent.FutureTask.run(Unknown Source)
	at java.util.concurrent.ThreadPoolExecutor.runWorker(Unknown Source)
	at java.util.concurrent.ThreadPoolExecutor$Worker.run(Unknown Source)
	at java.lang.Thread.run(Unknown Source)
</pre></div></td>
<td>0</td>
<td>com.enrich.testcases.HomePageTest@754ba872</td></tr>
<tr>
<td title='com.enrich.testcases.HomePageTest.checkSignUPButtonText()'><b>checkSignUPButtonText</b><br>Test class: com.enrich.testcases.HomePageTest</td>
<td><div><pre>org.openqa.selenium.NoSuchElementException: An element could not be located on the page using the given search parameters.
For documentation on this error, please visit: https://www.seleniumhq.org/exceptions/no_such_element.html
Build info: version: &apos;3.141.59&apos;, revision: &apos;e82be7d358&apos;, time: &apos;2018-11-14T08:17:03&apos;
System info: host: &apos;IN-AMITKUMA-W1&apos;, ip: &apos;172.29.144.206&apos;, os.name: &apos;Windows 10&apos;, os.arch: &apos;amd64&apos;, os.version: &apos;10.0&apos;, java.version: &apos;1.8.0_221&apos;
Driver info: io.appium.java_client.android.AndroidDriver
Capabilities {appActivity: com.salesforce.chatter.Chatter, appPackage: com.salesforce.chatter, databaseEnabled: false, desired: {appActivity: com.salesforce.chatter.Chatter, appPackage: com.salesforce.chatter, deviceName: My Phone, noReset: true, platformName: android, platformVersion: 9.0, udid: 4d61917}, deviceManufacturer: Xiaomi, deviceModel: Mi A2, deviceName: 4d61917, deviceScreenSize: 1080x2160, deviceUDID: 4d61917, javascriptEnabled: true, locationContextEnabled: false, networkConnectionEnabled: true, noReset: true, platform: LINUX, platformName: Android, platformVersion: 9, takesScreenshot: true, udid: 4d61917, warnings: {}, webStorageEnabled: false}
Session ID: 6815492b-a54c-4937-81ce-be3c8d318772
*** Element info: {Using=-android uiautomator, value=new UiSelector().text(&quot;SIGNUP&quot;)}
	at org.openqa.selenium.remote.http.W3CHttpResponseCodec.createException(W3CHttpResponseCodec.java:187)
	at org.openqa.selenium.remote.http.W3CHttpResponseCodec.decode(W3CHttpResponseCodec.java:122)
	at org.openqa.selenium.remote.http.W3CHttpResponseCodec.decode(W3CHttpResponseCodec.java:49)
	at org.openqa.selenium.remote.HttpCommandExecutor.execute(HttpCommandExecutor.java:158)
	at io.appium.java_client.remote.AppiumCommandExecutor.execute(AppiumCommandExecutor.java:239)
	at org.openqa.selenium.remote.RemoteWebDriver.execute(RemoteWebDriver.java:552)
	at io.appium.java_client.DefaultGenericMobileDriver.execute(DefaultGenericMobileDriver.java:42)
	at io.appium.java_client.AppiumDriver.execute(AppiumDriver.java:1)
	at io.appium.java_client.android.AndroidDriver.execute(AndroidDriver.java:1)
	at org.openqa.selenium.remote.RemoteWebDriver.findElement(RemoteWebDriver.java:323)
	at io.appium.java_client.DefaultGenericMobileDriver.findElement(DefaultGenericMobileDriver.java:62)
	at io.appium.java_client.AppiumDriver.findElement(AppiumDriver.java:1)
	at io.appium.java_client.android.AndroidDriver.findElement(AndroidDriver.java:1)
	at io.appium.java_client.FindsByAndroidUIAutomator.findElementByAndroidUIAutomator(FindsByAndroidUIAutomator.java:38)
	at com.enrich.pages.HomePage.signUpButtonText(HomePage.java:28)
	at com.enrich.testcases.HomePageTest.checkSignUPButtonText(HomePageTest.java:39)
	at java.util.concurrent.FutureTask.run(Unknown Source)
	at java.util.concurrent.ThreadPoolExecutor.runWorker(Unknown Source)
	at java.util.concurrent.ThreadPoolExecutor$Worker.run(Unknown Source)
	at java.lang.Thread.run(Unknown Source)
... Removed 20 stack frames</pre></div><a href='#' onClick='toggleBox("stack-trace300553988", this, "Click to show all stack frames", "Click to hide stack frames")'>Click to show all stack frames</a>
<div class='stack-trace' id='stack-trace300553988'><pre>org.openqa.selenium.NoSuchElementException: An element could not be located on the page using the given search parameters.
For documentation on this error, please visit: https://www.seleniumhq.org/exceptions/no_such_element.html
Build info: version: &apos;3.141.59&apos;, revision: &apos;e82be7d358&apos;, time: &apos;2018-11-14T08:17:03&apos;
System info: host: &apos;IN-AMITKUMA-W1&apos;, ip: &apos;172.29.144.206&apos;, os.name: &apos;Windows 10&apos;, os.arch: &apos;amd64&apos;, os.version: &apos;10.0&apos;, java.version: &apos;1.8.0_221&apos;
Driver info: io.appium.java_client.android.AndroidDriver
Capabilities {appActivity: com.salesforce.chatter.Chatter, appPackage: com.salesforce.chatter, databaseEnabled: false, desired: {appActivity: com.salesforce.chatter.Chatter, appPackage: com.salesforce.chatter, deviceName: My Phone, noReset: true, platformName: android, platformVersion: 9.0, udid: 4d61917}, deviceManufacturer: Xiaomi, deviceModel: Mi A2, deviceName: 4d61917, deviceScreenSize: 1080x2160, deviceUDID: 4d61917, javascriptEnabled: true, locationContextEnabled: false, networkConnectionEnabled: true, noReset: true, platform: LINUX, platformName: Android, platformVersion: 9, takesScreenshot: true, udid: 4d61917, warnings: {}, webStorageEnabled: false}
Session ID: 6815492b-a54c-4937-81ce-be3c8d318772
*** Element info: {Using=-android uiautomator, value=new UiSelector().text(&quot;SIGNUP&quot;)}
	at sun.reflect.NativeConstructorAccessorImpl.newInstance0(Native Method)
	at sun.reflect.NativeConstructorAccessorImpl.newInstance(Unknown Source)
	at sun.reflect.DelegatingConstructorAccessorImpl.newInstance(Unknown Source)
	at java.lang.reflect.Constructor.newInstance(Unknown Source)
	at org.openqa.selenium.remote.http.W3CHttpResponseCodec.createException(W3CHttpResponseCodec.java:187)
	at org.openqa.selenium.remote.http.W3CHttpResponseCodec.decode(W3CHttpResponseCodec.java:122)
	at org.openqa.selenium.remote.http.W3CHttpResponseCodec.decode(W3CHttpResponseCodec.java:49)
	at org.openqa.selenium.remote.HttpCommandExecutor.execute(HttpCommandExecutor.java:158)
	at io.appium.java_client.remote.AppiumCommandExecutor.execute(AppiumCommandExecutor.java:239)
	at org.openqa.selenium.remote.RemoteWebDriver.execute(RemoteWebDriver.java:552)
	at io.appium.java_client.DefaultGenericMobileDriver.execute(DefaultGenericMobileDriver.java:42)
	at io.appium.java_client.AppiumDriver.execute(AppiumDriver.java:1)
	at io.appium.java_client.android.AndroidDriver.execute(AndroidDriver.java:1)
	at org.openqa.selenium.remote.RemoteWebDriver.findElement(RemoteWebDriver.java:323)
	at io.appium.java_client.DefaultGenericMobileDriver.findElement(DefaultGenericMobileDriver.java:62)
	at io.appium.java_client.AppiumDriver.findElement(AppiumDriver.java:1)
	at io.appium.java_client.android.AndroidDriver.findElement(AndroidDriver.java:1)
	at io.appium.java_client.FindsByAndroidUIAutomator.findElementByAndroidUIAutomator(FindsByAndroidUIAutomator.java:38)
	at com.enrich.pages.HomePage.signUpButtonText(HomePage.java:28)
	at com.enrich.testcases.HomePageTest.checkSignUPButtonText(HomePageTest.java:39)
	at sun.reflect.NativeMethodAccessorImpl.invoke0(Native Method)
	at sun.reflect.NativeMethodAccessorImpl.invoke(Unknown Source)
	at sun.reflect.DelegatingMethodAccessorImpl.invoke(Unknown Source)
	at java.lang.reflect.Method.invoke(Unknown Source)
	at org.testng.internal.MethodInvocationHelper.invokeMethod(MethodInvocationHelper.java:84)
	at org.testng.internal.Invoker.invokeMethod(Invoker.java:714)
	at org.testng.internal.Invoker.invokeTestMethod(Invoker.java:901)
	at org.testng.internal.Invoker.invokeTestMethods(Invoker.java:1231)
	at org.testng.internal.TestMethodWorker.invokeTestMethods(TestMethodWorker.java:127)
	at org.testng.internal.TestMethodWorker.run(TestMethodWorker.java:111)
	at org.testng.TestRunner.privateRun(TestRunner.java:767)
	at org.testng.TestRunner.run(TestRunner.java:617)
	at org.testng.SuiteRunner.runTest(SuiteRunner.java:334)
	at org.testng.SuiteRunner.access$000(SuiteRunner.java:37)
	at org.testng.SuiteRunner$SuiteWorker.run(SuiteRunner.java:368)
	at org.testng.internal.thread.ThreadUtil$2.call(ThreadUtil.java:64)
	at java.util.concurrent.FutureTask.run(Unknown Source)
	at java.util.concurrent.ThreadPoolExecutor.runWorker(Unknown Source)
	at java.util.concurrent.ThreadPoolExecutor$Worker.run(Unknown Source)
	at java.lang.Thread.run(Unknown Source)
</pre></div></td>
<td>0</td>
<td>com.enrich.testcases.HomePageTest@754ba872</td></tr>
</table><p>
<table width='100%' border='1' class='invocation-skipped'>
<tr><td colspan='4' align='center'><b>SKIPPED TESTS</b></td></tr>
<tr><td><b>Test method</b></td>
<td width="30%"><b>Exception</b></td>
<td width="10%"><b>Time (seconds)</b></td>
<td><b>Instance</b></td>
</tr>
<tr>
<td title='com.enrich.testcases.SignUpPageTest.checkApplyButtonClickMessage()'><b>checkApplyButtonClickMessage</b><br>Test class: com.enrich.testcases.SignUpPageTest</td>
<td></td>
<td>0</td>
<td>com.enrich.testcases.SignUpPageTest@4883b407</td></tr>
<tr>
<td title='com.enrich.testcases.SignUpPageTest.checkApplyButtonStatus()'><b>checkApplyButtonStatus</b><br>Test class: com.enrich.testcases.SignUpPageTest</td>
<td></td>
<td>0</td>
<td>com.enrich.testcases.SignUpPageTest@4883b407</td></tr>
<tr>
<td title='com.enrich.testcases.SignUpPageTest.checkApplyButtonText()'><b>checkApplyButtonText</b><br>Test class: com.enrich.testcases.SignUpPageTest</td>
<td></td>
<td>0</td>
<td>com.enrich.testcases.SignUpPageTest@4883b407</td></tr>
<tr>
<td title='com.enrich.testcases.HomePageTest.checkBookAnAppointmentButtonStatus()'><b>checkBookAnAppointmentButtonStatus</b><br>Test class: com.enrich.testcases.HomePageTest</td>
<td></td>
<td>0</td>
<td>com.enrich.testcases.HomePageTest@754ba872</td></tr>
<tr>
<td title='com.enrich.testcases.HomePageTest.checkBookAnAppointmentButtonText()'><b>checkBookAnAppointmentButtonText</b><br>Test class: com.enrich.testcases.HomePageTest</td>
<td></td>
<td>0</td>
<td>com.enrich.testcases.HomePageTest@754ba872</td></tr>
<tr>
<td title='com.enrich.testcases.SignUpPageTest.checkConnectWithEmailButtonStatus()'><b>checkConnectWithEmailButtonStatus</b><br>Test class: com.enrich.testcases.SignUpPageTest</td>
<td></td>
<td>0</td>
<td>com.enrich.testcases.SignUpPageTest@4883b407</td></tr>
<tr>
<td title='com.enrich.testcases.SignUpPageTest.checkConnectWithEmailButtonText()'><b>checkConnectWithEmailButtonText</b><br>Test class: com.enrich.testcases.SignUpPageTest</td>
<td></td>
<td>0</td>
<td>com.enrich.testcases.SignUpPageTest@4883b407</td></tr>
<tr>
<td title='com.enrich.testcases.SignUpPageTest.checkConnectWithEmailFaceBookButtonStatus()'><b>checkConnectWithEmailFaceBookButtonStatus</b><br>Test class: com.enrich.testcases.SignUpPageTest</td>
<td></td>
<td>0</td>
<td>com.enrich.testcases.SignUpPageTest@4883b407</td></tr>
<tr>
<td title='com.enrich.testcases.SignUpPageTest.checkConnectWithEmailFacebookButtonText()'><b>checkConnectWithEmailFacebookButtonText</b><br>Test class: com.enrich.testcases.SignUpPageTest</td>
<td></td>
<td>0</td>
<td>com.enrich.testcases.SignUpPageTest@4883b407</td></tr>
<tr>
<td title='com.enrich.testcases.SignUpPageTest.checkConnectWithEmailGoogleButtonStatus()'><b>checkConnectWithEmailGoogleButtonStatus</b><br>Test class: com.enrich.testcases.SignUpPageTest</td>
<td></td>
<td>0</td>
<td>com.enrich.testcases.SignUpPageTest@4883b407</td></tr>
<tr>
<td title='com.enrich.testcases.SignUpPageTest.checkConnectWithEmailGoogleButtonText()'><b>checkConnectWithEmailGoogleButtonText</b><br>Test class: com.enrich.testcases.SignUpPageTest</td>
<td></td>
<td>0</td>
<td>com.enrich.testcases.SignUpPageTest@4883b407</td></tr>
<tr>
<td title='com.enrich.testcases.SignUpPageTest.checkCrossIconClick()'><b>checkCrossIconClick</b><br>Test class: com.enrich.testcases.SignUpPageTest</td>
<td></td>
<td>0</td>
<td>com.enrich.testcases.SignUpPageTest@4883b407</td></tr>
<tr>
<td title='com.enrich.testcases.SignUpPageTest.checkCrossIconStatus()'><b>checkCrossIconStatus</b><br>Test class: com.enrich.testcases.SignUpPageTest</td>
<td></td>
<td>0</td>
<td>com.enrich.testcases.SignUpPageTest@4883b407</td></tr>
<tr>
<td title='com.enrich.testcases.SignUpPageTest.checkDoYouHaveAReferralCodeCheckboxSelected()'><b>checkDoYouHaveAReferralCodeCheckboxSelected</b><br>Test class: com.enrich.testcases.SignUpPageTest</td>
<td></td>
<td>0</td>
<td>com.enrich.testcases.SignUpPageTest@4883b407</td></tr>
<tr>
<td title='com.enrich.testcases.SignUpPageTest.checkDoYouHaveAReferralCodeCheckboxText()'><b>checkDoYouHaveAReferralCodeCheckboxText</b><br>Test class: com.enrich.testcases.SignUpPageTest</td>
<td></td>
<td>0</td>
<td>com.enrich.testcases.SignUpPageTest@4883b407</td></tr>
<tr>
<td title='com.enrich.testcases.SignUpPageTest.checkEnrichImageStatus()'><b>checkEnrichImageStatus</b><br>Test class: com.enrich.testcases.SignUpPageTest</td>
<td></td>
<td>0</td>
<td>com.enrich.testcases.SignUpPageTest@4883b407</td></tr>
<tr>
<td title='com.enrich.testcases.SignUpPageTest.checkLoginButtonStatus()'><b>checkLoginButtonStatus</b><br>Test class: com.enrich.testcases.SignUpPageTest</td>
<td></td>
<td>0</td>
<td>com.enrich.testcases.SignUpPageTest@4883b407</td></tr>
<tr>
<td title='com.enrich.testcases.SignUpPageTest.checkLoginButtonText()'><b>checkLoginButtonText</b><br>Test class: com.enrich.testcases.SignUpPageTest</td>
<td></td>
<td>0</td>
<td>com.enrich.testcases.SignUpPageTest@4883b407</td></tr>
<tr>
<td title='com.enrich.testcases.SignUpPageTest.checkNextIconButtonStatus()'><b>checkNextIconButtonStatus</b><br>Test class: com.enrich.testcases.SignUpPageTest</td>
<td></td>
<td>0</td>
<td>com.enrich.testcases.SignUpPageTest@4883b407</td></tr>
<tr>
<td title='com.enrich.testcases.SignUpPageTest.checkReferralCodeFieldIsBlank()'><b>checkReferralCodeFieldIsBlank</b><br>Test class: com.enrich.testcases.SignUpPageTest</td>
<td></td>
<td>0</td>
<td>com.enrich.testcases.SignUpPageTest@4883b407</td></tr>
<tr>
<td title='com.enrich.testcases.SignUpPageTest.checkReferralCodeFieldStatus()'><b>checkReferralCodeFieldStatus</b><br>Test class: com.enrich.testcases.SignUpPageTest</td>
<td></td>
<td>0</td>
<td>com.enrich.testcases.SignUpPageTest@4883b407</td></tr>
<tr>
<td title='com.enrich.testcases.SignUpPageTest.checkReferralCodeFieldSupplyText()'><b>checkReferralCodeFieldSupplyText</b><br>Test class: com.enrich.testcases.SignUpPageTest</td>
<td></td>
<td>0</td>
<td>com.enrich.testcases.SignUpPageTest@4883b407</td></tr>
<tr>
<td title='com.enrich.testcases.HomePageTest.checkSearchSalonButtonStatus()'><b>checkSearchSalonButtonStatus</b><br>Test class: com.enrich.testcases.HomePageTest</td>
<td></td>
<td>0</td>
<td>com.enrich.testcases.HomePageTest@754ba872</td></tr>
<tr>
<td title='com.enrich.testcases.HomePageTest.checkSignUPButtonStatus()'><b>checkSignUPButtonStatus</b><br>Test class: com.enrich.testcases.HomePageTest</td>
<td></td>
<td>0</td>
<td>com.enrich.testcases.HomePageTest@754ba872</td></tr>
<tr>
<td title='com.enrich.testcases.SignUpPageTest.checkYouHaveAReferralCodeCheckboxStatus()'><b>checkYouHaveAReferralCodeCheckboxStatus</b><br>Test class: com.enrich.testcases.SignUpPageTest</td>
<td></td>
<td>0</td>
<td>com.enrich.testcases.SignUpPageTest@4883b407</td></tr>
<tr>
<td title='com.enrich.testcases.SignUpPageTest.checkcheckDoYouHaveAReferralCodeCheckboxNotSelected()'><b>checkcheckDoYouHaveAReferralCodeCheckboxNotSelected</b><br>Test class: com.enrich.testcases.SignUpPageTest</td>
<td></td>
<td>0</td>
<td>com.enrich.testcases.SignUpPageTest@4883b407</td></tr>
<tr>
<td title='com.enrich.testcases.HomePageTest.clickOnBookAnAppointmentButton()'><b>clickOnBookAnAppointmentButton</b><br>Test class: com.enrich.testcases.HomePageTest</td>
<td></td>
<td>0</td>
<td>com.enrich.testcases.HomePageTest@754ba872</td></tr>
<tr>
<td title='com.enrich.testcases.HomePageTest.clickOnSearchSalonButton()'><b>clickOnSearchSalonButton</b><br>Test class: com.enrich.testcases.HomePageTest</td>
<td></td>
<td>0</td>
<td>com.enrich.testcases.HomePageTest@754ba872</td></tr>
<tr>
<td title='com.enrich.testcases.HomePageTest.clickOnSignUPButton()'><b>clickOnSignUPButton</b><br>Test class: com.enrich.testcases.HomePageTest</td>
<td></td>
<td>0</td>
<td>com.enrich.testcases.HomePageTest@754ba872</td></tr>
</table><p>
</body>
</html>