<?xml version="1.0" encoding="UTF-8"?>
<!-- Generated by org.testng.reporters.JUnitXMLReporter -->
<testsuite hostname="IN-amitkuma-W1" name="Test" tests="31" failures="2" timestamp="3 Sep 2019 10:20:39 GMT" time="100.993" errors="0">
  <testcase name="@BeforeMethod setUp" time="0.0" classname="com.enrich.testcases.SignUpPageTest">
    <failure type="org.openqa.selenium.NoSuchElementException" message="An element could not be located on the page using the given search parameters.
For documentation on this error, please visit: https://www.seleniumhq.org/exceptions/no_such_element.html
Build info: version: &amp;apos;3.141.59&amp;apos;, revision: &amp;apos;e82be7d358&amp;apos;, time: &amp;apos;2018-11-14T08:17:03&amp;apos;
System info: host: &amp;apos;IN-AMITKUMA-W1&amp;apos;, ip: &amp;apos;172.29.144.206&amp;apos;, os.name: &amp;apos;Windows 10&amp;apos;, os.arch: &amp;apos;amd64&amp;apos;, os.version: &amp;apos;10.0&amp;apos;, java.version: &amp;apos;1.8.0_221&amp;apos;
Driver info: io.appium.java_client.android.AndroidDriver
Capabilities {appActivity: com.salesforce.chatter.Chatter, appPackage: com.salesforce.chatter, databaseEnabled: false, desired: {appActivity: com.salesforce.chatter.Chatter, appPackage: com.salesforce.chatter, deviceName: My Phone, noReset: true, platformName: android, platformVersion: 9.0, udid: 4d61917}, deviceManufacturer: Xiaomi, deviceModel: Mi A2, deviceName: 4d61917, deviceScreenSize: 1080x2160, deviceUDID: 4d61917, javascriptEnabled: true, locationContextEnabled: false, networkConnectionEnabled: true, noReset: true, platform: LINUX, platformName: Android, platformVersion: 9, takesScreenshot: true, udid: 4d61917, warnings: {}, webStorageEnabled: false}
Session ID: dea89d12-0f8e-4157-9ed5-cd5457e83582
*** Element info: {Using=-android uiautomator, value=new UiSelector().text(&amp;quot;SIGNUP&amp;quot;)}">
      <![CDATA[org.openqa.selenium.NoSuchElementException: An element could not be located on the page using the given search parameters.
For documentation on this error, please visit: https://www.seleniumhq.org/exceptions/no_such_element.html
Build info: version: '3.141.59', revision: 'e82be7d358', time: '2018-11-14T08:17:03'
System info: host: 'IN-AMITKUMA-W1', ip: '172.29.144.206', os.name: 'Windows 10', os.arch: 'amd64', os.version: '10.0', java.version: '1.8.0_221'
Driver info: io.appium.java_client.android.AndroidDriver
Capabilities {appActivity: com.salesforce.chatter.Chatter, appPackage: com.salesforce.chatter, databaseEnabled: false, desired: {appActivity: com.salesforce.chatter.Chatter, appPackage: com.salesforce.chatter, deviceName: My Phone, noReset: true, platformName: android, platformVersion: 9.0, udid: 4d61917}, deviceManufacturer: Xiaomi, deviceModel: Mi A2, deviceName: 4d61917, deviceScreenSize: 1080x2160, deviceUDID: 4d61917, javascriptEnabled: true, locationContextEnabled: false, networkConnectionEnabled: true, noReset: true, platform: LINUX, platformName: Android, platformVersion: 9, takesScreenshot: true, udid: 4d61917, warnings: {}, webStorageEnabled: false}
Session ID: dea89d12-0f8e-4157-9ed5-cd5457e83582
*** Element info: {Using=-android uiautomator, value=new UiSelector().text("SIGNUP")}
	at org.openqa.selenium.remote.http.W3CHttpResponseCodec.createException(W3CHttpResponseCodec.java:187)
	at org.openqa.selenium.remote.http.W3CHttpResponseCodec.decode(W3CHttpResponseCodec.java:122)
	at org.openqa.selenium.remote.http.W3CHttpResponseCodec.decode(W3CHttpResponseCodec.java:49)
	at org.openqa.selenium.remote.HttpCommandExecutor.execute(HttpCommandExecutor.java:158)
	at io.appium.java_client.remote.AppiumCommandExecutor.execute(AppiumCommandExecutor.java:239)
	at org.openqa.selenium.remote.RemoteWebDriver.execute(RemoteWebDriver.java:552)
	at io.appium.java_client.DefaultGenericMobileDriver.execute(DefaultGenericMobileDriver.java:42)
	at io.appium.java_client.AppiumDriver.execute(AppiumDriver.java:1)
	at io.appium.java_client.android.AndroidDriver.execute(AndroidDriver.java:1)
	at org.openqa.selenium.remote.RemoteWebDriver.findElement(RemoteWebDriver.java:323)
	at io.appium.java_client.DefaultGenericMobileDriver.findElement(DefaultGenericMobileDriver.java:62)
	at io.appium.java_client.AppiumDriver.findElement(AppiumDriver.java:1)
	at io.appium.java_client.android.AndroidDriver.findElement(AndroidDriver.java:1)
	at io.appium.java_client.FindsByAndroidUIAutomator.findElementByAndroidUIAutomator(FindsByAndroidUIAutomator.java:38)
	at com.enrich.pages.HomePage.signUpButtonClick(HomePage.java:64)
	at com.enrich.testcases.SignUpPageTest.setUp(SignUpPageTest.java:35)
	at java.util.concurrent.FutureTask.run(Unknown Source)
	at java.util.concurrent.ThreadPoolExecutor.runWorker(Unknown Source)
	at java.util.concurrent.ThreadPoolExecutor$Worker.run(Unknown Source)
	at java.lang.Thread.run(Unknown Source)
... Removed 22 stack frames]]>
    </failure>
  </testcase> <!-- @BeforeMethod setUp -->
  <testcase name="@AfterMethod tearDown" time="0.0" classname="com.enrich.testcases.SignUpPageTest">
    <skipped/>
  </testcase> <!-- @AfterMethod tearDown -->
  <testcase name="@AfterMethod tearDown" time="0.0" classname="com.enrich.testcases.HomePageTest">
    <failure type="org.openqa.selenium.WebDriverException" message="An unknown server-side error occurred while processing the command. Original error: Could not find a connected Android device.
Build info: version: &amp;apos;3.141.59&amp;apos;, revision: &amp;apos;e82be7d358&amp;apos;, time: &amp;apos;2018-11-14T08:17:03&amp;apos;
System info: host: &amp;apos;IN-AMITKUMA-W1&amp;apos;, ip: &amp;apos;172.29.144.206&amp;apos;, os.name: &amp;apos;Windows 10&amp;apos;, os.arch: &amp;apos;amd64&amp;apos;, os.version: &amp;apos;10.0&amp;apos;, java.version: &amp;apos;1.8.0_221&amp;apos;
Driver info: io.appium.java_client.android.AndroidDriver
Capabilities {appActivity: com.salesforce.chatter.Chatter, appPackage: com.salesforce.chatter, databaseEnabled: false, desired: {appActivity: com.salesforce.chatter.Chatter, appPackage: com.salesforce.chatter, deviceName: My Phone, noReset: true, platformName: android, platformVersion: 9.0, udid: 4d61917}, deviceManufacturer: Xiaomi, deviceModel: Mi A2, deviceName: 4d61917, deviceScreenSize: 1080x2160, deviceUDID: 4d61917, javascriptEnabled: true, locationContextEnabled: false, networkConnectionEnabled: true, noReset: true, platform: LINUX, platformName: Android, platformVersion: 9, takesScreenshot: true, udid: 4d61917, warnings: {}, webStorageEnabled: false}
Session ID: acec0c7d-4a55-489f-b97f-65b68ecae2b2">
      <![CDATA[org.openqa.selenium.WebDriverException: An unknown server-side error occurred while processing the command. Original error: Could not find a connected Android device.
Build info: version: '3.141.59', revision: 'e82be7d358', time: '2018-11-14T08:17:03'
System info: host: 'IN-AMITKUMA-W1', ip: '172.29.144.206', os.name: 'Windows 10', os.arch: 'amd64', os.version: '10.0', java.version: '1.8.0_221'
Driver info: io.appium.java_client.android.AndroidDriver
Capabilities {appActivity: com.salesforce.chatter.Chatter, appPackage: com.salesforce.chatter, databaseEnabled: false, desired: {appActivity: com.salesforce.chatter.Chatter, appPackage: com.salesforce.chatter, deviceName: My Phone, noReset: true, platformName: android, platformVersion: 9.0, udid: 4d61917}, deviceManufacturer: Xiaomi, deviceModel: Mi A2, deviceName: 4d61917, deviceScreenSize: 1080x2160, deviceUDID: 4d61917, javascriptEnabled: true, locationContextEnabled: false, networkConnectionEnabled: true, noReset: true, platform: LINUX, platformName: Android, platformVersion: 9, takesScreenshot: true, udid: 4d61917, warnings: {}, webStorageEnabled: false}
Session ID: acec0c7d-4a55-489f-b97f-65b68ecae2b2
	at org.openqa.selenium.remote.http.W3CHttpResponseCodec.createException(W3CHttpResponseCodec.java:187)
	at org.openqa.selenium.remote.http.W3CHttpResponseCodec.decode(W3CHttpResponseCodec.java:122)
	at org.openqa.selenium.remote.http.W3CHttpResponseCodec.decode(W3CHttpResponseCodec.java:49)
	at org.openqa.selenium.remote.HttpCommandExecutor.execute(HttpCommandExecutor.java:158)
	at io.appium.java_client.remote.AppiumCommandExecutor.execute(AppiumCommandExecutor.java:239)
	at org.openqa.selenium.remote.RemoteWebDriver.execute(RemoteWebDriver.java:552)
	at io.appium.java_client.DefaultGenericMobileDriver.execute(DefaultGenericMobileDriver.java:46)
	at io.appium.java_client.AppiumDriver.execute(AppiumDriver.java:1)
	at io.appium.java_client.android.AndroidDriver.execute(AndroidDriver.java:1)
	at org.openqa.selenium.remote.RemoteWebDriver.quit(RemoteWebDriver.java:452)
	at com.enrich.testcases.HomePageTest.tearDown(HomePageTest.java:111)
	at java.util.concurrent.FutureTask.run(Unknown Source)
	at java.util.concurrent.ThreadPoolExecutor.runWorker(Unknown Source)
	at java.util.concurrent.ThreadPoolExecutor$Worker.run(Unknown Source)
	at java.lang.Thread.run(Unknown Source)
... Removed 22 stack frames]]>
    </failure>
  </testcase> <!-- @AfterMethod tearDown -->
  <testcase name="@BeforeMethod setUp" time="0.0" classname="com.enrich.testcases.SignUpPageTest">
    <skipped/>
  </testcase> <!-- @BeforeMethod setUp -->
  <testcase name="@AfterMethod tearDown" time="0.0" classname="com.enrich.testcases.SignUpPageTest">
    <skipped/>
  </testcase> <!-- @AfterMethod tearDown -->
  <testcase name="@BeforeMethod setUp" time="0.0" classname="com.enrich.testcases.HomePageTest">
    <skipped/>
  </testcase> <!-- @BeforeMethod setUp -->
  <testcase name="@AfterMethod tearDown" time="0.0" classname="com.enrich.testcases.HomePageTest">
    <skipped/>
  </testcase> <!-- @AfterMethod tearDown -->
  <testcase name="@BeforeMethod setUp" time="0.0" classname="com.enrich.testcases.SignUpPageTest">
    <skipped/>
  </testcase> <!-- @BeforeMethod setUp -->
  <testcase name="@AfterMethod tearDown" time="0.0" classname="com.enrich.testcases.SignUpPageTest">
    <skipped/>
  </testcase> <!-- @AfterMethod tearDown -->
  <testcase name="@BeforeMethod setUp" time="0.0" classname="com.enrich.testcases.HomePageTest">
    <skipped/>
  </testcase> <!-- @BeforeMethod setUp -->
  <testcase name="@AfterMethod tearDown" time="0.0" classname="com.enrich.testcases.HomePageTest">
    <skipped/>
  </testcase> <!-- @AfterMethod tearDown -->
  <testcase name="@BeforeMethod setUp" time="0.0" classname="com.enrich.testcases.SignUpPageTest">
    <skipped/>
  </testcase> <!-- @BeforeMethod setUp -->
  <testcase name="@AfterMethod tearDown" time="0.0" classname="com.enrich.testcases.SignUpPageTest">
    <skipped/>
  </testcase> <!-- @AfterMethod tearDown -->
  <testcase name="@BeforeMethod setUp" time="0.0" classname="com.enrich.testcases.HomePageTest">
    <skipped/>
  </testcase> <!-- @BeforeMethod setUp -->
  <testcase name="@AfterMethod tearDown" time="0.0" classname="com.enrich.testcases.HomePageTest">
    <skipped/>
  </testcase> <!-- @AfterMethod tearDown -->
  <testcase name="@BeforeMethod setUp" time="0.0" classname="com.enrich.testcases.SignUpPageTest">
    <skipped/>
  </testcase> <!-- @BeforeMethod setUp -->
  <testcase name="@AfterMethod tearDown" time="0.0" classname="com.enrich.testcases.SignUpPageTest">
    <skipped/>
  </testcase> <!-- @AfterMethod tearDown -->
  <testcase name="@BeforeMethod setUp" time="0.0" classname="com.enrich.testcases.HomePageTest">
    <skipped/>
  </testcase> <!-- @BeforeMethod setUp -->
  <testcase name="@AfterMethod tearDown" time="0.0" classname="com.enrich.testcases.HomePageTest">
    <skipped/>
  </testcase> <!-- @AfterMethod tearDown -->
  <testcase name="@BeforeMethod setUp" time="0.0" classname="com.enrich.testcases.SignUpPageTest">
    <skipped/>
  </testcase> <!-- @BeforeMethod setUp -->
  <testcase name="@AfterMethod tearDown" time="0.0" classname="com.enrich.testcases.SignUpPageTest">
    <skipped/>
  </testcase> <!-- @AfterMethod tearDown -->
  <testcase name="@BeforeMethod setUp" time="0.0" classname="com.enrich.testcases.HomePageTest">
    <skipped/>
  </testcase> <!-- @BeforeMethod setUp -->
  <testcase name="@AfterMethod tearDown" time="0.0" classname="com.enrich.testcases.HomePageTest">
    <skipped/>
  </testcase> <!-- @AfterMethod tearDown -->
  <testcase name="@BeforeMethod setUp" time="0.0" classname="com.enrich.testcases.SignUpPageTest">
    <skipped/>
  </testcase> <!-- @BeforeMethod setUp -->
  <testcase name="@AfterMethod tearDown" time="0.0" classname="com.enrich.testcases.SignUpPageTest">
    <skipped/>
  </testcase> <!-- @AfterMethod tearDown -->
  <testcase name="@BeforeMethod setUp" time="0.0" classname="com.enrich.testcases.HomePageTest">
    <skipped/>
  </testcase> <!-- @BeforeMethod setUp -->
  <testcase name="@AfterMethod tearDown" time="0.0" classname="com.enrich.testcases.HomePageTest">
    <skipped/>
  </testcase> <!-- @AfterMethod tearDown -->
  <testcase name="@BeforeMethod setUp" time="0.0" classname="com.enrich.testcases.SignUpPageTest">
    <skipped/>
  </testcase> <!-- @BeforeMethod setUp -->
  <testcase name="@AfterMethod tearDown" time="0.0" classname="com.enrich.testcases.SignUpPageTest">
    <skipped/>
  </testcase> <!-- @AfterMethod tearDown -->
  <testcase name="@BeforeMethod setUp" time="0.0" classname="com.enrich.testcases.HomePageTest">
    <skipped/>
  </testcase> <!-- @BeforeMethod setUp -->
  <testcase name="@AfterMethod tearDown" time="0.0" classname="com.enrich.testcases.HomePageTest">
    <skipped/>
  </testcase> <!-- @AfterMethod tearDown -->
  <testcase name="@BeforeMethod setUp" time="0.0" classname="com.enrich.testcases.SignUpPageTest">
    <skipped/>
  </testcase> <!-- @BeforeMethod setUp -->
  <testcase name="@AfterMethod tearDown" time="0.0" classname="com.enrich.testcases.SignUpPageTest">
    <skipped/>
  </testcase> <!-- @AfterMethod tearDown -->
  <testcase name="@BeforeMethod setUp" time="0.0" classname="com.enrich.testcases.SignUpPageTest">
    <skipped/>
  </testcase> <!-- @BeforeMethod setUp -->
  <testcase name="@AfterMethod tearDown" time="0.0" classname="com.enrich.testcases.SignUpPageTest">
    <skipped/>
  </testcase> <!-- @AfterMethod tearDown -->
  <testcase name="@BeforeMethod setUp" time="0.0" classname="com.enrich.testcases.SignUpPageTest">
    <skipped/>
  </testcase> <!-- @BeforeMethod setUp -->
  <testcase name="@AfterMethod tearDown" time="0.0" classname="com.enrich.testcases.SignUpPageTest">
    <skipped/>
  </testcase> <!-- @AfterMethod tearDown -->
  <testcase name="@BeforeMethod setUp" time="0.0" classname="com.enrich.testcases.SignUpPageTest">
    <skipped/>
  </testcase> <!-- @BeforeMethod setUp -->
  <testcase name="@AfterMethod tearDown" time="0.0" classname="com.enrich.testcases.SignUpPageTest">
    <skipped/>
  </testcase> <!-- @AfterMethod tearDown -->
  <testcase name="@BeforeMethod setUp" time="0.0" classname="com.enrich.testcases.SignUpPageTest">
    <skipped/>
  </testcase> <!-- @BeforeMethod setUp -->
  <testcase name="@AfterMethod tearDown" time="0.0" classname="com.enrich.testcases.SignUpPageTest">
    <skipped/>
  </testcase> <!-- @AfterMethod tearDown -->
  <testcase name="@BeforeMethod setUp" time="0.0" classname="com.enrich.testcases.SignUpPageTest">
    <skipped/>
  </testcase> <!-- @BeforeMethod setUp -->
  <testcase name="@AfterMethod tearDown" time="0.0" classname="com.enrich.testcases.SignUpPageTest">
    <skipped/>
  </testcase> <!-- @AfterMethod tearDown -->
  <testcase name="@BeforeMethod setUp" time="0.0" classname="com.enrich.testcases.SignUpPageTest">
    <skipped/>
  </testcase> <!-- @BeforeMethod setUp -->
  <testcase name="@AfterMethod tearDown" time="0.0" classname="com.enrich.testcases.SignUpPageTest">
    <skipped/>
  </testcase> <!-- @AfterMethod tearDown -->
  <testcase name="@BeforeMethod setUp" time="0.0" classname="com.enrich.testcases.SignUpPageTest">
    <skipped/>
  </testcase> <!-- @BeforeMethod setUp -->
  <testcase name="@AfterMethod tearDown" time="0.0" classname="com.enrich.testcases.SignUpPageTest">
    <skipped/>
  </testcase> <!-- @AfterMethod tearDown -->
  <testcase name="@BeforeMethod setUp" time="0.0" classname="com.enrich.testcases.SignUpPageTest">
    <skipped/>
  </testcase> <!-- @BeforeMethod setUp -->
  <testcase name="@AfterMethod tearDown" time="0.0" classname="com.enrich.testcases.SignUpPageTest">
    <skipped/>
  </testcase> <!-- @AfterMethod tearDown -->
  <testcase name="@BeforeMethod setUp" time="0.0" classname="com.enrich.testcases.SignUpPageTest">
    <skipped/>
  </testcase> <!-- @BeforeMethod setUp -->
  <testcase name="@AfterMethod tearDown" time="0.0" classname="com.enrich.testcases.SignUpPageTest">
    <skipped/>
  </testcase> <!-- @AfterMethod tearDown -->
  <testcase name="@BeforeMethod setUp" time="0.0" classname="com.enrich.testcases.SignUpPageTest">
    <skipped/>
  </testcase> <!-- @BeforeMethod setUp -->
  <testcase name="@AfterMethod tearDown" time="0.0" classname="com.enrich.testcases.SignUpPageTest">
    <skipped/>
  </testcase> <!-- @AfterMethod tearDown -->
  <testcase name="@BeforeMethod setUp" time="0.0" classname="com.enrich.testcases.SignUpPageTest">
    <skipped/>
  </testcase> <!-- @BeforeMethod setUp -->
  <testcase name="@AfterMethod tearDown" time="0.0" classname="com.enrich.testcases.SignUpPageTest">
    <skipped/>
  </testcase> <!-- @AfterMethod tearDown -->
  <testcase name="@BeforeMethod setUp" time="0.0" classname="com.enrich.testcases.SignUpPageTest">
    <skipped/>
  </testcase> <!-- @BeforeMethod setUp -->
  <testcase name="@AfterMethod tearDown" time="0.0" classname="com.enrich.testcases.SignUpPageTest">
    <skipped/>
  </testcase> <!-- @AfterMethod tearDown -->
  <testcase name="@BeforeMethod setUp" time="0.0" classname="com.enrich.testcases.SignUpPageTest">
    <skipped/>
  </testcase> <!-- @BeforeMethod setUp -->
  <testcase name="@AfterMethod tearDown" time="0.0" classname="com.enrich.testcases.SignUpPageTest">
    <skipped/>
  </testcase> <!-- @AfterMethod tearDown -->
  <testcase name="checkSignUPButtonText" time="0.216" classname="com.enrich.testcases.HomePageTest">
    <failure type="org.openqa.selenium.NoSuchElementException" message="An element could not be located on the page using the given search parameters.
For documentation on this error, please visit: https://www.seleniumhq.org/exceptions/no_such_element.html
Build info: version: &amp;apos;3.141.59&amp;apos;, revision: &amp;apos;e82be7d358&amp;apos;, time: &amp;apos;2018-11-14T08:17:03&amp;apos;
System info: host: &amp;apos;IN-AMITKUMA-W1&amp;apos;, ip: &amp;apos;172.29.144.206&amp;apos;, os.name: &amp;apos;Windows 10&amp;apos;, os.arch: &amp;apos;amd64&amp;apos;, os.version: &amp;apos;10.0&amp;apos;, java.version: &amp;apos;1.8.0_221&amp;apos;
Driver info: io.appium.java_client.android.AndroidDriver
Capabilities {appActivity: com.salesforce.chatter.Chatter, appPackage: com.salesforce.chatter, databaseEnabled: false, desired: {appActivity: com.salesforce.chatter.Chatter, appPackage: com.salesforce.chatter, deviceName: My Phone, noReset: true, platformName: android, platformVersion: 9.0, udid: 4d61917}, deviceManufacturer: Xiaomi, deviceModel: Mi A2, deviceName: 4d61917, deviceScreenSize: 1080x2160, deviceUDID: 4d61917, javascriptEnabled: true, locationContextEnabled: false, networkConnectionEnabled: true, noReset: true, platform: LINUX, platformName: Android, platformVersion: 9, takesScreenshot: true, udid: 4d61917, warnings: {}, webStorageEnabled: false}
Session ID: 6815492b-a54c-4937-81ce-be3c8d318772
*** Element info: {Using=-android uiautomator, value=new UiSelector().text(&amp;quot;SIGNUP&amp;quot;)}">
      <![CDATA[org.openqa.selenium.NoSuchElementException: An element could not be located on the page using the given search parameters.
For documentation on this error, please visit: https://www.seleniumhq.org/exceptions/no_such_element.html
Build info: version: '3.141.59', revision: 'e82be7d358', time: '2018-11-14T08:17:03'
System info: host: 'IN-AMITKUMA-W1', ip: '172.29.144.206', os.name: 'Windows 10', os.arch: 'amd64', os.version: '10.0', java.version: '1.8.0_221'
Driver info: io.appium.java_client.android.AndroidDriver
Capabilities {appActivity: com.salesforce.chatter.Chatter, appPackage: com.salesforce.chatter, databaseEnabled: false, desired: {appActivity: com.salesforce.chatter.Chatter, appPackage: com.salesforce.chatter, deviceName: My Phone, noReset: true, platformName: android, platformVersion: 9.0, udid: 4d61917}, deviceManufacturer: Xiaomi, deviceModel: Mi A2, deviceName: 4d61917, deviceScreenSize: 1080x2160, deviceUDID: 4d61917, javascriptEnabled: true, locationContextEnabled: false, networkConnectionEnabled: true, noReset: true, platform: LINUX, platformName: Android, platformVersion: 9, takesScreenshot: true, udid: 4d61917, warnings: {}, webStorageEnabled: false}
Session ID: 6815492b-a54c-4937-81ce-be3c8d318772
*** Element info: {Using=-android uiautomator, value=new UiSelector().text("SIGNUP")}
	at org.openqa.selenium.remote.http.W3CHttpResponseCodec.createException(W3CHttpResponseCodec.java:187)
	at org.openqa.selenium.remote.http.W3CHttpResponseCodec.decode(W3CHttpResponseCodec.java:122)
	at org.openqa.selenium.remote.http.W3CHttpResponseCodec.decode(W3CHttpResponseCodec.java:49)
	at org.openqa.selenium.remote.HttpCommandExecutor.execute(HttpCommandExecutor.java:158)
	at io.appium.java_client.remote.AppiumCommandExecutor.execute(AppiumCommandExecutor.java:239)
	at org.openqa.selenium.remote.RemoteWebDriver.execute(RemoteWebDriver.java:552)
	at io.appium.java_client.DefaultGenericMobileDriver.execute(DefaultGenericMobileDriver.java:42)
	at io.appium.java_client.AppiumDriver.execute(AppiumDriver.java:1)
	at io.appium.java_client.android.AndroidDriver.execute(AndroidDriver.java:1)
	at org.openqa.selenium.remote.RemoteWebDriver.findElement(RemoteWebDriver.java:323)
	at io.appium.java_client.DefaultGenericMobileDriver.findElement(DefaultGenericMobileDriver.java:62)
	at io.appium.java_client.AppiumDriver.findElement(AppiumDriver.java:1)
	at io.appium.java_client.android.AndroidDriver.findElement(AndroidDriver.java:1)
	at io.appium.java_client.FindsByAndroidUIAutomator.findElementByAndroidUIAutomator(FindsByAndroidUIAutomator.java:38)
	at com.enrich.pages.HomePage.signUpButtonText(HomePage.java:28)
	at com.enrich.testcases.HomePageTest.checkSignUPButtonText(HomePageTest.java:39)
	at java.util.concurrent.FutureTask.run(Unknown Source)
	at java.util.concurrent.ThreadPoolExecutor.runWorker(Unknown Source)
	at java.util.concurrent.ThreadPoolExecutor$Worker.run(Unknown Source)
	at java.lang.Thread.run(Unknown Source)
... Removed 20 stack frames]]>
    </failure>
  </testcase> <!-- checkSignUPButtonText -->
  <testcase name="checkCrossIconStatus" time="0.001" classname="com.enrich.testcases.SignUpPageTest">
    <skipped/>
  </testcase> <!-- checkCrossIconStatus -->
  <testcase name="checkSearchSalonButtonText" time="0.181" classname="com.enrich.testcases.HomePageTest">
    <failure type="org.openqa.selenium.NoSuchElementException" message="An element could not be located on the page using the given search parameters.
For documentation on this error, please visit: https://www.seleniumhq.org/exceptions/no_such_element.html
Build info: version: &amp;apos;3.141.59&amp;apos;, revision: &amp;apos;e82be7d358&amp;apos;, time: &amp;apos;2018-11-14T08:17:03&amp;apos;
System info: host: &amp;apos;IN-AMITKUMA-W1&amp;apos;, ip: &amp;apos;172.29.144.206&amp;apos;, os.name: &amp;apos;Windows 10&amp;apos;, os.arch: &amp;apos;amd64&amp;apos;, os.version: &amp;apos;10.0&amp;apos;, java.version: &amp;apos;1.8.0_221&amp;apos;
Driver info: io.appium.java_client.android.AndroidDriver
Capabilities {appActivity: com.salesforce.chatter.Chatter, appPackage: com.salesforce.chatter, databaseEnabled: false, desired: {appActivity: com.salesforce.chatter.Chatter, appPackage: com.salesforce.chatter, deviceName: My Phone, noReset: true, platformName: android, platformVersion: 9.0, udid: 4d61917}, deviceManufacturer: Xiaomi, deviceModel: Mi A2, deviceName: 4d61917, deviceScreenSize: 1080x2160, deviceUDID: 4d61917, javascriptEnabled: true, locationContextEnabled: false, networkConnectionEnabled: true, noReset: true, platform: LINUX, platformName: Android, platformVersion: 9, takesScreenshot: true, udid: 4d61917, warnings: {}, webStorageEnabled: false}
Session ID: acec0c7d-4a55-489f-b97f-65b68ecae2b2
*** Element info: {Using=-android uiautomator, value=new UiSelector().text(&amp;quot;SEARCH SALON&amp;quot;)}">
      <![CDATA[org.openqa.selenium.NoSuchElementException: An element could not be located on the page using the given search parameters.
For documentation on this error, please visit: https://www.seleniumhq.org/exceptions/no_such_element.html
Build info: version: '3.141.59', revision: 'e82be7d358', time: '2018-11-14T08:17:03'
System info: host: 'IN-AMITKUMA-W1', ip: '172.29.144.206', os.name: 'Windows 10', os.arch: 'amd64', os.version: '10.0', java.version: '1.8.0_221'
Driver info: io.appium.java_client.android.AndroidDriver
Capabilities {appActivity: com.salesforce.chatter.Chatter, appPackage: com.salesforce.chatter, databaseEnabled: false, desired: {appActivity: com.salesforce.chatter.Chatter, appPackage: com.salesforce.chatter, deviceName: My Phone, noReset: true, platformName: android, platformVersion: 9.0, udid: 4d61917}, deviceManufacturer: Xiaomi, deviceModel: Mi A2, deviceName: 4d61917, deviceScreenSize: 1080x2160, deviceUDID: 4d61917, javascriptEnabled: true, locationContextEnabled: false, networkConnectionEnabled: true, noReset: true, platform: LINUX, platformName: Android, platformVersion: 9, takesScreenshot: true, udid: 4d61917, warnings: {}, webStorageEnabled: false}
Session ID: acec0c7d-4a55-489f-b97f-65b68ecae2b2
*** Element info: {Using=-android uiautomator, value=new UiSelector().text("SEARCH SALON")}
	at org.openqa.selenium.remote.http.W3CHttpResponseCodec.createException(W3CHttpResponseCodec.java:187)
	at org.openqa.selenium.remote.http.W3CHttpResponseCodec.decode(W3CHttpResponseCodec.java:122)
	at org.openqa.selenium.remote.http.W3CHttpResponseCodec.decode(W3CHttpResponseCodec.java:49)
	at org.openqa.selenium.remote.HttpCommandExecutor.execute(HttpCommandExecutor.java:158)
	at io.appium.java_client.remote.AppiumCommandExecutor.execute(AppiumCommandExecutor.java:239)
	at org.openqa.selenium.remote.RemoteWebDriver.execute(RemoteWebDriver.java:552)
	at io.appium.java_client.DefaultGenericMobileDriver.execute(DefaultGenericMobileDriver.java:42)
	at io.appium.java_client.AppiumDriver.execute(AppiumDriver.java:1)
	at io.appium.java_client.android.AndroidDriver.execute(AndroidDriver.java:1)
	at org.openqa.selenium.remote.RemoteWebDriver.findElement(RemoteWebDriver.java:323)
	at io.appium.java_client.DefaultGenericMobileDriver.findElement(DefaultGenericMobileDriver.java:62)
	at io.appium.java_client.AppiumDriver.findElement(AppiumDriver.java:1)
	at io.appium.java_client.android.AndroidDriver.findElement(AndroidDriver.java:1)
	at io.appium.java_client.FindsByAndroidUIAutomator.findElementByAndroidUIAutomator(FindsByAndroidUIAutomator.java:38)
	at com.enrich.pages.HomePage.searchSalonButtonText(HomePage.java:42)
	at com.enrich.testcases.HomePageTest.checkSearchSalonButtonText(HomePageTest.java:48)
	at java.util.concurrent.FutureTask.run(Unknown Source)
	at java.util.concurrent.ThreadPoolExecutor.runWorker(Unknown Source)
	at java.util.concurrent.ThreadPoolExecutor$Worker.run(Unknown Source)
	at java.lang.Thread.run(Unknown Source)
... Removed 20 stack frames]]>
    </failure>
  </testcase> <!-- checkSearchSalonButtonText -->
  <testcase name="checkCrossIconClick" time="0.001" classname="com.enrich.testcases.SignUpPageTest">
    <skipped/>
  </testcase> <!-- checkCrossIconClick -->
  <testcase name="checkSignUPButtonStatus" time="0.0" classname="com.enrich.testcases.HomePageTest">
    <skipped/>
  </testcase> <!-- checkSignUPButtonStatus -->
  <testcase name="checkLoginButtonText" time="0.0" classname="com.enrich.testcases.SignUpPageTest">
    <skipped/>
  </testcase> <!-- checkLoginButtonText -->
  <testcase name="checkSearchSalonButtonStatus" time="0.0" classname="com.enrich.testcases.HomePageTest">
    <skipped/>
  </testcase> <!-- checkSearchSalonButtonStatus -->
  <testcase name="checkLoginButtonStatus" time="0.0" classname="com.enrich.testcases.SignUpPageTest">
    <skipped/>
  </testcase> <!-- checkLoginButtonStatus -->
  <testcase name="clickOnSignUPButton" time="0.0" classname="com.enrich.testcases.HomePageTest">
    <skipped/>
  </testcase> <!-- clickOnSignUPButton -->
  <testcase name="checkNextIconButtonStatus" time="0.001" classname="com.enrich.testcases.SignUpPageTest">
    <skipped/>
  </testcase> <!-- checkNextIconButtonStatus -->
  <testcase name="clickOnSearchSalonButton" time="0.001" classname="com.enrich.testcases.HomePageTest">
    <skipped/>
  </testcase> <!-- clickOnSearchSalonButton -->
  <testcase name="checkEnrichImageStatus" time="0.001" classname="com.enrich.testcases.SignUpPageTest">
    <skipped/>
  </testcase> <!-- checkEnrichImageStatus -->
  <testcase name="checkBookAnAppointmentButtonStatus" time="0.001" classname="com.enrich.testcases.HomePageTest">
    <skipped/>
  </testcase> <!-- checkBookAnAppointmentButtonStatus -->
  <testcase name="checkConnectWithEmailFaceBookButtonStatus" time="0.0" classname="com.enrich.testcases.SignUpPageTest">
    <skipped/>
  </testcase> <!-- checkConnectWithEmailFaceBookButtonStatus -->
  <testcase name="clickOnBookAnAppointmentButton" time="0.001" classname="com.enrich.testcases.HomePageTest">
    <skipped/>
  </testcase> <!-- clickOnBookAnAppointmentButton -->
  <testcase name="checkConnectWithEmailFacebookButtonText" time="0.0" classname="com.enrich.testcases.SignUpPageTest">
    <skipped/>
  </testcase> <!-- checkConnectWithEmailFacebookButtonText -->
  <testcase name="checkBookAnAppointmentButtonText" time="0.001" classname="com.enrich.testcases.HomePageTest">
    <skipped/>
  </testcase> <!-- checkBookAnAppointmentButtonText -->
  <testcase name="checkConnectWithEmailGoogleButtonStatus" time="0.0" classname="com.enrich.testcases.SignUpPageTest">
    <skipped/>
  </testcase> <!-- checkConnectWithEmailGoogleButtonStatus -->
  <testcase name="checkConnectWithEmailGoogleButtonText" time="0.0" classname="com.enrich.testcases.SignUpPageTest">
    <skipped/>
  </testcase> <!-- checkConnectWithEmailGoogleButtonText -->
  <testcase name="checkConnectWithEmailButtonStatus" time="0.001" classname="com.enrich.testcases.SignUpPageTest">
    <skipped/>
  </testcase> <!-- checkConnectWithEmailButtonStatus -->
  <testcase name="checkConnectWithEmailButtonText" time="0.001" classname="com.enrich.testcases.SignUpPageTest">
    <skipped/>
  </testcase> <!-- checkConnectWithEmailButtonText -->
  <testcase name="checkDoYouHaveAReferralCodeCheckboxText" time="0.001" classname="com.enrich.testcases.SignUpPageTest">
    <skipped/>
  </testcase> <!-- checkDoYouHaveAReferralCodeCheckboxText -->
  <testcase name="checkYouHaveAReferralCodeCheckboxStatus" time="0.001" classname="com.enrich.testcases.SignUpPageTest">
    <skipped/>
  </testcase> <!-- checkYouHaveAReferralCodeCheckboxStatus -->
  <testcase name="checkDoYouHaveAReferralCodeCheckboxSelected" time="0.0" classname="com.enrich.testcases.SignUpPageTest">
    <skipped/>
  </testcase> <!-- checkDoYouHaveAReferralCodeCheckboxSelected -->
  <testcase name="checkcheckDoYouHaveAReferralCodeCheckboxNotSelected" time="0.001" classname="com.enrich.testcases.SignUpPageTest">
    <skipped/>
  </testcase> <!-- checkcheckDoYouHaveAReferralCodeCheckboxNotSelected -->
  <testcase name="checkReferralCodeFieldStatus" time="0.001" classname="com.enrich.testcases.SignUpPageTest">
    <skipped/>
  </testcase> <!-- checkReferralCodeFieldStatus -->
  <testcase name="checkReferralCodeFieldSupplyText" time="0.0" classname="com.enrich.testcases.SignUpPageTest">
    <skipped/>
  </testcase> <!-- checkReferralCodeFieldSupplyText -->
  <testcase name="checkReferralCodeFieldIsBlank" time="0.001" classname="com.enrich.testcases.SignUpPageTest">
    <skipped/>
  </testcase> <!-- checkReferralCodeFieldIsBlank -->
  <testcase name="checkApplyButtonStatus" time="0.001" classname="com.enrich.testcases.SignUpPageTest">
    <skipped/>
  </testcase> <!-- checkApplyButtonStatus -->
  <testcase name="checkApplyButtonText" time="0.001" classname="com.enrich.testcases.SignUpPageTest">
    <skipped/>
  </testcase> <!-- checkApplyButtonText -->
  <testcase name="checkApplyButtonClickMessage" time="0.0" classname="com.enrich.testcases.SignUpPageTest">
    <skipped/>
  </testcase> <!-- checkApplyButtonClickMessage -->
</testsuite> <!-- Test -->
